{"/home/travis/build/npmtest/node-npmtest-gittio/test.js":{"path":"/home/travis/build/npmtest/node-npmtest-gittio/test.js","s":{"1":2,"2":2,"3":2,"4":2,"5":2,"6":2,"7":2,"8":1,"9":2,"10":2,"11":1,"12":1,"13":1,"14":1,"15":2,"16":2,"17":2,"18":2,"19":1,"20":1,"21":2,"22":2,"23":2,"24":1,"25":1,"26":1,"27":1,"28":1,"29":1,"30":1,"31":1,"32":1,"33":1,"34":1,"35":1,"36":1,"37":1,"38":1,"39":2,"40":2,"41":1,"42":2,"43":2,"44":1,"45":2,"46":2,"47":1,"48":2,"49":2,"50":1,"51":1,"52":1,"53":1,"54":1},"b":{"1":[2,1,1,1],"2":[1,1,1,1],"3":[1,1],"4":[1,1],"5":[1,1],"6":[1,1],"7":[1,1],"8":[1,1],"9":[1,1],"10":[1,1,1],"11":[1,1],"12":[1,1],"13":[1,1],"14":[1,1],"15":[1,1],"16":[1,1],"17":[1,1]},"f":{"1":2,"2":2,"3":2,"4":2,"5":2,"6":1,"7":1,"8":1,"9":2,"10":2,"11":2,"12":2,"13":1},"fnMap":{"1":{"name":"(anonymous_1)","line":12,"loc":{"start":{"line":12,"column":1},"end":{"line":12,"column":13}}},"2":{"name":"(anonymous_2)","line":19,"loc":{"start":{"line":19,"column":5},"end":{"line":19,"column":17}}},"3":{"name":"(anonymous_3)","line":23,"loc":{"start":{"line":23,"column":24},"end":{"line":23,"column":36}}},"4":{"name":"(anonymous_4)","line":61,"loc":{"start":{"line":61,"column":5},"end":{"line":61,"column":17}}},"5":{"name":"(anonymous_5)","line":82,"loc":{"start":{"line":82,"column":5},"end":{"line":82,"column":17}}},"6":{"name":"(anonymous_6)","line":91,"loc":{"start":{"line":91,"column":77},"end":{"line":94,"column":10}}},"7":{"name":"(anonymous_7)","line":112,"loc":{"start":{"line":112,"column":83},"end":{"line":115,"column":10}},"skip":true},"8":{"name":"(anonymous_8)","line":123,"loc":{"start":{"line":123,"column":77},"end":{"line":126,"column":10}},"skip":true},"9":{"name":"(anonymous_9)","line":139,"loc":{"start":{"line":139,"column":12},"end":{"line":139,"column":40}},"skip":true},"10":{"name":"(anonymous_10)","line":147,"loc":{"start":{"line":147,"column":77},"end":{"line":150,"column":10}},"skip":true},"11":{"name":"(anonymous_11)","line":158,"loc":{"start":{"line":158,"column":83},"end":{"line":161,"column":10}},"skip":true},"12":{"name":"(anonymous_12)","line":169,"loc":{"start":{"line":169,"column":79},"end":{"line":172,"column":10}},"skip":true},"13":{"name":"(anonymous_13)","line":180,"loc":{"start":{"line":180,"column":75},"end":{"line":183,"column":10}},"skip":true}},"statementMap":{"1":{"start":{"line":12,"column":0},"end":{"line":195,"column":5}},"2":{"start":{"line":14,"column":4},"end":{"line":14,"column":14}},"3":{"start":{"line":19,"column":4},"end":{"line":56,"column":9}},"4":{"start":{"line":21,"column":8},"end":{"line":21,"column":19}},"5":{"start":{"line":23,"column":8},"end":{"line":35,"column":13}},"6":{"start":{"line":24,"column":12},"end":{"line":34,"column":13}},"7":{"start":{"line":25,"column":16},"end":{"line":28,"column":30}},"8":{"start":{"line":30,"column":16},"end":{"line":33,"column":27}},"9":{"start":{"line":37,"column":8},"end":{"line":39,"column":21}},"10":{"start":{"line":40,"column":8},"end":{"line":53,"column":9}},"11":{"start":{"line":43,"column":12},"end":{"line":46,"column":14}},"12":{"start":{"line":47,"column":12},"end":{"line":47,"column":18}},"13":{"start":{"line":50,"column":12},"end":{"line":51,"column":33}},"14":{"start":{"line":52,"column":12},"end":{"line":52,"column":18}},"15":{"start":{"line":55,"column":8},"end":{"line":55,"column":35}},"16":{"start":{"line":61,"column":4},"end":{"line":63,"column":9}},"17":{"start":{"line":62,"column":8},"end":{"line":62,"column":15}},"18":{"start":{"line":64,"column":4},"end":{"line":77,"column":5}},"19":{"start":{"line":70,"column":8},"end":{"line":70,"column":14}},"20":{"start":{"line":76,"column":8},"end":{"line":76,"column":14}},"21":{"start":{"line":82,"column":4},"end":{"line":84,"column":9}},"22":{"start":{"line":83,"column":8},"end":{"line":83,"column":15}},"23":{"start":{"line":85,"column":4},"end":{"line":194,"column":5}},"24":{"start":{"line":91,"column":8},"end":{"line":99,"column":10}},"25":{"start":{"line":98,"column":12},"end":{"line":98,"column":35}},"26":{"start":{"line":102,"column":8},"end":{"line":104,"column":63}},"27":{"start":{"line":105,"column":8},"end":{"line":105,"column":14}},"28":{"start":{"line":112,"column":8},"end":{"line":121,"column":10},"skip":true},"29":{"start":{"line":119,"column":12},"end":{"line":119,"column":55},"skip":true},"30":{"start":{"line":120,"column":12},"end":{"line":120,"column":48},"skip":true},"31":{"start":{"line":123,"column":8},"end":{"line":136,"column":10},"skip":true},"32":{"start":{"line":130,"column":12},"end":{"line":130,"column":76},"skip":true},"33":{"start":{"line":131,"column":12},"end":{"line":131,"column":73},"skip":true},"34":{"start":{"line":132,"column":12},"end":{"line":132,"column":74},"skip":true},"35":{"start":{"line":133,"column":12},"end":{"line":133,"column":79},"skip":true},"36":{"start":{"line":134,"column":12},"end":{"line":134,"column":25},"skip":true},"37":{"start":{"line":135,"column":12},"end":{"line":135,"column":45},"skip":true},"38":{"start":{"line":138,"column":8},"end":{"line":145,"column":14},"skip":true},"39":{"start":{"line":143,"column":16},"end":{"line":143,"column":29},"skip":true},"40":{"start":{"line":144,"column":16},"end":{"line":144,"column":55},"skip":true},"41":{"start":{"line":147,"column":8},"end":{"line":156,"column":10},"skip":true},"42":{"start":{"line":154,"column":12},"end":{"line":154,"column":25},"skip":true},"43":{"start":{"line":155,"column":12},"end":{"line":155,"column":45},"skip":true},"44":{"start":{"line":158,"column":8},"end":{"line":167,"column":10},"skip":true},"45":{"start":{"line":165,"column":12},"end":{"line":165,"column":25},"skip":true},"46":{"start":{"line":166,"column":12},"end":{"line":166,"column":48},"skip":true},"47":{"start":{"line":169,"column":8},"end":{"line":178,"column":10},"skip":true},"48":{"start":{"line":176,"column":12},"end":{"line":176,"column":25},"skip":true},"49":{"start":{"line":177,"column":12},"end":{"line":177,"column":46},"skip":true},"50":{"start":{"line":180,"column":8},"end":{"line":189,"column":10},"skip":true},"51":{"start":{"line":187,"column":12},"end":{"line":187,"column":94},"skip":true},"52":{"start":{"line":188,"column":12},"end":{"line":188,"column":48},"skip":true},"53":{"start":{"line":192,"column":8},"end":{"line":192,"column":35},"skip":true},"54":{"start":{"line":193,"column":8},"end":{"line":193,"column":14},"skip":true}},"branchMap":{"1":{"line":25,"type":"binary-expr","locations":[{"start":{"line":25,"column":23},"end":{"line":25,"column":62}},{"start":{"line":26,"column":20},"end":{"line":26,"column":70}},{"start":{"line":27,"column":20},"end":{"line":27,"column":71}},{"start":{"line":28,"column":20},"end":{"line":28,"column":29}}]},"2":{"line":30,"type":"binary-expr","locations":[{"start":{"line":30,"column":23},"end":{"line":30,"column":37}},{"start":{"line":31,"column":20},"end":{"line":31,"column":61}},{"start":{"line":32,"column":20},"end":{"line":32,"column":70}},{"start":{"line":33,"column":20},"end":{"line":33,"column":26}}]},"3":{"line":37,"type":"cond-expr","locations":[{"start":{"line":38,"column":14},"end":{"line":38,"column":20}},{"start":{"line":39,"column":14},"end":{"line":39,"column":20}}]},"4":{"line":40,"type":"switch","locations":[{"start":{"line":42,"column":8},"end":{"line":47,"column":18}},{"start":{"line":49,"column":8},"end":{"line":52,"column":18}}]},"5":{"line":44,"type":"binary-expr","locations":[{"start":{"line":44,"column":16},"end":{"line":44,"column":44}},{"start":{"line":44,"column":48},"end":{"line":44,"column":66}}]},"6":{"line":50,"type":"binary-expr","locations":[{"start":{"line":50,"column":21},"end":{"line":50,"column":49}},{"start":{"line":50,"column":53},"end":{"line":50,"column":72}}]},"7":{"line":64,"type":"switch","locations":[{"start":{"line":69,"column":4},"end":{"line":70,"column":14}},{"start":{"line":75,"column":4},"end":{"line":76,"column":14}}]},"8":{"line":85,"type":"switch","locations":[{"start":{"line":90,"column":4},"end":{"line":105,"column":14}},{"start":{"line":111,"column":4},"end":{"line":193,"column":14},"skip":true}]},"9":{"line":91,"type":"binary-expr","locations":[{"start":{"line":91,"column":42},"end":{"line":91,"column":73}},{"start":{"line":91,"column":77},"end":{"line":99,"column":9}}]},"10":{"line":102,"type":"binary-expr","locations":[{"start":{"line":102,"column":18},"end":{"line":102,"column":32}},{"start":{"line":103,"column":12},"end":{"line":103,"column":53}},{"start":{"line":104,"column":12},"end":{"line":104,"column":61}}]},"11":{"line":112,"type":"binary-expr","locations":[{"start":{"line":112,"column":45},"end":{"line":112,"column":79},"skip":true},{"start":{"line":112,"column":83},"end":{"line":121,"column":9},"skip":true}]},"12":{"line":123,"type":"binary-expr","locations":[{"start":{"line":123,"column":42},"end":{"line":123,"column":73},"skip":true},{"start":{"line":123,"column":77},"end":{"line":136,"column":9},"skip":true}]},"13":{"line":138,"type":"binary-expr","locations":[{"start":{"line":138,"column":48},"end":{"line":138,"column":85},"skip":true},{"start":{"line":139,"column":12},"end":{"line":145,"column":13},"skip":true}]},"14":{"line":147,"type":"binary-expr","locations":[{"start":{"line":147,"column":42},"end":{"line":147,"column":73},"skip":true},{"start":{"line":147,"column":77},"end":{"line":156,"column":9},"skip":true}]},"15":{"line":158,"type":"binary-expr","locations":[{"start":{"line":158,"column":45},"end":{"line":158,"column":79},"skip":true},{"start":{"line":158,"column":83},"end":{"line":167,"column":9},"skip":true}]},"16":{"line":169,"type":"binary-expr","locations":[{"start":{"line":169,"column":43},"end":{"line":169,"column":75},"skip":true},{"start":{"line":169,"column":79},"end":{"line":178,"column":9},"skip":true}]},"17":{"line":180,"type":"binary-expr","locations":[{"start":{"line":180,"column":41},"end":{"line":180,"column":71},"skip":true},{"start":{"line":180,"column":75},"end":{"line":189,"column":9},"skip":true}]}},"code":["/* istanbul instrument in package npmtest_gittio */","/*jslint","    bitwise: true,","    browser: true,","    maxerr: 8,","    maxlen: 96,","    node: true,","    nomen: true,","    regexp: true,","    stupid: true","*/","(function () {","    'use strict';","    var local;","","","","    // run shared js-env code - init-before","    (function () {","        // init local","        local = {};","        // init modeJs","        local.modeJs = (function () {","            try {","                return typeof navigator.userAgent === 'string' &&","                    typeof document.querySelector('body') === 'object' &&","                    typeof XMLHttpRequest.prototype.open === 'function' &&","                    'browser';","            } catch (errorCaughtBrowser) {","                return module.exports &&","                    typeof process.versions.node === 'string' &&","                    typeof require('http').createServer === 'function' &&","                    'node';","            }","        }());","        // init global","        local.global = local.modeJs === 'browser'","            ? window","            : global;","        switch (local.modeJs) {","        // re-init local from window.local","        case 'browser':","            local = local.global.utility2.objectSetDefault(","                local.global.utility2_rollup || local.global.local,","                local.global.utility2","            );","            break;","        // re-init local from example.js","        case 'node':","            local = (local.global.utility2_rollup || require('utility2'))","                .requireReadme();","            break;","        }","        // export local","        local.global.local = local;","    }());","","","","    // run shared js-env code - function","    (function () {","        return;","    }());","    switch (local.modeJs) {","","","","    // run browser js-env code - function","    case 'browser':","        break;","","","","    // run node js-env code - function","    case 'node':","        break;","    }","","","","    // run shared js-env code - init-after","    (function () {","        return;","    }());","    switch (local.modeJs) {","","","","    // run browser js-env code - init-after","    case 'browser':","        local.testCase_browser_nullCase = local.testCase_browser_nullCase || function (","            options,","            onError","        ) {","        /*","         * this function will test browsers's null-case handling-behavior-behavior","         */","            onError(null, options);","        };","","        // run tests","        local.nop(local.modeTest &&","            document.querySelector('#testRunButton1') &&","            document.querySelector('#testRunButton1').click());","        break;","","","","    // run node js-env code - init-after","    /* istanbul ignore next */","    case 'node':","        local.testCase_buildApidoc_default = local.testCase_buildApidoc_default || function (","            options,","            onError","        ) {","        /*","         * this function will test buildApidoc's default handling-behavior-behavior","         */","            options = { modulePathList: module.paths };","            local.buildApidoc(options, onError);","        };","","        local.testCase_buildApp_default = local.testCase_buildApp_default || function (","            options,","            onError","        ) {","        /*","         * this function will test buildApp's default handling-behavior-behavior","         */","            local.testCase_buildReadme_default(options, local.onErrorThrow);","            local.testCase_buildLib_default(options, local.onErrorThrow);","            local.testCase_buildTest_default(options, local.onErrorThrow);","            local.testCase_buildCustomOrg_default(options, local.onErrorThrow);","            options = [];","            local.buildApp(options, onError);","        };","","        local.testCase_buildCustomOrg_default = local.testCase_buildCustomOrg_default ||","            function (options, onError) {","            /*","             * this function will test buildCustomOrg's default handling-behavior","             */","                options = {};","                local.buildCustomOrg(options, onError);","            };","","        local.testCase_buildLib_default = local.testCase_buildLib_default || function (","            options,","            onError","        ) {","        /*","         * this function will test buildLib's default handling-behavior","         */","            options = {};","            local.buildLib(options, onError);","        };","","        local.testCase_buildReadme_default = local.testCase_buildReadme_default || function (","            options,","            onError","        ) {","        /*","         * this function will test buildReadme's default handling-behavior-behavior","         */","            options = {};","            local.buildReadme(options, onError);","        };","","        local.testCase_buildTest_default = local.testCase_buildTest_default || function (","            options,","            onError","        ) {","        /*","         * this function will test buildTest's default handling-behavior","         */","            options = {};","            local.buildTest(options, onError);","        };","","        local.testCase_webpage_default = local.testCase_webpage_default || function (","            options,","            onError","        ) {","        /*","         * this function will test webpage's default handling-behavior","         */","            options = { modeCoverageMerge: true, url: local.serverLocalHost + '?modeTest=1' };","            local.browserTest(options, onError);","        };","","        // run test-server","        local.testRunServer(local);","        break;","    }","}());",""],"l":{"12":2,"14":2,"19":2,"21":2,"23":2,"24":2,"25":2,"30":1,"37":2,"40":2,"43":1,"47":1,"50":1,"52":1,"55":2,"61":2,"62":2,"64":2,"70":1,"76":1,"82":2,"83":2,"85":2,"91":1,"98":1,"102":1,"105":1,"112":1,"119":1,"120":1,"123":1,"130":1,"131":1,"132":1,"133":1,"134":1,"135":1,"138":1,"143":2,"144":2,"147":1,"154":2,"155":2,"158":1,"165":2,"166":2,"169":1,"176":2,"177":2,"180":1,"187":1,"188":1,"192":1,"193":1}},"/home/travis/build/npmtest/node-npmtest-gittio/lib.npmtest_gittio.js":{"path":"/home/travis/build/npmtest/node-npmtest-gittio/lib.npmtest_gittio.js","s":{"1":2,"2":2,"3":2,"4":2,"5":2,"6":2,"7":2,"8":1,"9":2,"10":2,"11":2,"12":2,"13":1,"14":1,"15":1,"16":1},"b":{"1":[2,1,1,1],"2":[1,1,1,1],"3":[1,1],"4":[2,2],"5":[1,1]},"f":{"1":2,"2":2,"3":2},"fnMap":{"1":{"name":"(anonymous_1)","line":12,"loc":{"start":{"line":12,"column":1},"end":{"line":12,"column":13}}},"2":{"name":"(anonymous_2)","line":19,"loc":{"start":{"line":19,"column":5},"end":{"line":19,"column":17}}},"3":{"name":"(anonymous_3)","line":23,"loc":{"start":{"line":23,"column":24},"end":{"line":23,"column":36}}}},"statementMap":{"1":{"start":{"line":12,"column":0},"end":{"line":53,"column":5}},"2":{"start":{"line":14,"column":4},"end":{"line":14,"column":14}},"3":{"start":{"line":19,"column":4},"end":{"line":52,"column":9}},"4":{"start":{"line":21,"column":8},"end":{"line":21,"column":19}},"5":{"start":{"line":23,"column":8},"end":{"line":35,"column":13}},"6":{"start":{"line":24,"column":12},"end":{"line":34,"column":13}},"7":{"start":{"line":25,"column":16},"end":{"line":28,"column":30}},"8":{"start":{"line":30,"column":16},"end":{"line":33,"column":27}},"9":{"start":{"line":37,"column":8},"end":{"line":39,"column":21}},"10":{"start":{"line":41,"column":8},"end":{"line":41,"column":54}},"11":{"start":{"line":43,"column":8},"end":{"line":43,"column":51}},"12":{"start":{"line":45,"column":8},"end":{"line":51,"column":9}},"13":{"start":{"line":46,"column":12},"end":{"line":46,"column":57}},"14":{"start":{"line":48,"column":12},"end":{"line":48,"column":35}},"15":{"start":{"line":49,"column":12},"end":{"line":49,"column":49}},"16":{"start":{"line":50,"column":12},"end":{"line":50,"column":43}}},"branchMap":{"1":{"line":25,"type":"binary-expr","locations":[{"start":{"line":25,"column":23},"end":{"line":25,"column":62}},{"start":{"line":26,"column":20},"end":{"line":26,"column":70}},{"start":{"line":27,"column":20},"end":{"line":27,"column":71}},{"start":{"line":28,"column":20},"end":{"line":28,"column":29}}]},"2":{"line":30,"type":"binary-expr","locations":[{"start":{"line":30,"column":23},"end":{"line":30,"column":37}},{"start":{"line":31,"column":20},"end":{"line":31,"column":61}},{"start":{"line":32,"column":20},"end":{"line":32,"column":70}},{"start":{"line":33,"column":20},"end":{"line":33,"column":26}}]},"3":{"line":37,"type":"cond-expr","locations":[{"start":{"line":38,"column":14},"end":{"line":38,"column":20}},{"start":{"line":39,"column":14},"end":{"line":39,"column":20}}]},"4":{"line":41,"type":"binary-expr","locations":[{"start":{"line":41,"column":16},"end":{"line":41,"column":44}},{"start":{"line":41,"column":48},"end":{"line":41,"column":53}}]},"5":{"line":45,"type":"if","locations":[{"start":{"line":45,"column":8},"end":{"line":45,"column":8}},{"start":{"line":45,"column":8},"end":{"line":45,"column":8}}]}},"code":["/* istanbul instrument in package npmtest_gittio */","/*jslint","    bitwise: true,","    browser: true,","    maxerr: 8,","    maxlen: 96,","    node: true,","    nomen: true,","    regexp: true,","    stupid: true","*/","(function () {","    'use strict';","    var local;","","","","    // run shared js-env code - init-before","    (function () {","        // init local","        local = {};","        // init modeJs","        local.modeJs = (function () {","            try {","                return typeof navigator.userAgent === 'string' &&","                    typeof document.querySelector('body') === 'object' &&","                    typeof XMLHttpRequest.prototype.open === 'function' &&","                    'browser';","            } catch (errorCaughtBrowser) {","                return module.exports &&","                    typeof process.versions.node === 'string' &&","                    typeof require('http').createServer === 'function' &&","                    'node';","            }","        }());","        // init global","        local.global = local.modeJs === 'browser'","            ? window","            : global;","        // init utility2_rollup","        local = local.global.utility2_rollup || local;","        // init lib","        local.local = local.npmtest_gittio = local;","        // init exports","        if (local.modeJs === 'browser') {","            local.global.utility2_npmtest_gittio = local;","        } else {","            module.exports = local;","            module.exports.__dirname = __dirname;","            module.exports.module = module;","        }","    }());","}());",""],"l":{"12":2,"14":2,"19":2,"21":2,"23":2,"24":2,"25":2,"30":1,"37":2,"41":2,"43":2,"45":2,"46":1,"48":1,"49":1,"50":1}},"/home/travis/build/npmtest/node-npmtest-gittio/example.js":{"path":"/home/travis/build/npmtest/node-npmtest-gittio/example.js","s":{"1":2,"2":2,"3":2,"4":2,"5":2,"6":2,"7":2,"8":1,"9":2,"10":2,"11":2,"12":2,"13":1,"14":2,"15":2,"16":2,"17":2,"18":2,"19":0,"20":2,"21":1,"22":1,"23":1,"24":1,"25":1,"26":0,"27":0,"28":1,"29":1,"30":2,"31":0,"32":0,"33":0,"34":1,"35":2,"36":2,"37":3,"38":3,"39":3,"40":3,"41":0,"42":3,"43":3,"44":3,"45":1,"46":3,"47":1,"48":1,"49":1,"50":1,"51":1,"52":1,"53":1,"54":1,"55":1,"56":1,"57":0,"58":1,"59":6,"60":6,"61":1,"62":2,"63":0,"64":2,"65":1,"66":1,"67":0,"68":0,"69":0,"70":0,"71":0,"72":0,"73":0,"74":0,"75":0,"76":0,"77":0,"78":0,"79":0,"80":0,"81":0,"82":0,"83":0},"b":{"1":[2,1,1,1],"2":[1,1,1,1],"3":[1,1],"4":[2,2],"5":[1,1],"6":[1,1],"7":[2,0],"8":[2,1,1,1,1,1],"9":[0,2,0],"10":[1,1],"11":[2,1,1],"12":[1,0],"13":[0,2],"14":[2,0,0,0,0,0,0],"15":[0,3],"16":[3,0],"17":[1,1],"18":[0,1],"19":[1,2,0,2],"20":[1,0],"21":[1,1],"22":[0,0],"23":[0,0],"24":[0,0],"25":[0,0],"26":[0,0],"27":[0,0],"28":[0,0]},"f":{"1":2,"2":2,"3":2,"4":2,"5":2,"6":2,"7":3,"8":3,"9":3,"10":1,"11":6,"12":0},"fnMap":{"1":{"name":"(anonymous_1)","line":26,"loc":{"start":{"line":26,"column":1},"end":{"line":26,"column":13}}},"2":{"name":"(anonymous_2)","line":33,"loc":{"start":{"line":33,"column":5},"end":{"line":33,"column":17}}},"3":{"name":"(anonymous_3)","line":37,"loc":{"start":{"line":37,"column":24},"end":{"line":37,"column":36}}},"4":{"name":"(anonymous_4)","line":69,"loc":{"start":{"line":69,"column":31},"end":{"line":69,"column":48}},"skip":true},"5":{"name":"(anonymous_5)","line":78,"loc":{"start":{"line":78,"column":26},"end":{"line":78,"column":45}},"skip":true},"6":{"name":"(anonymous_6)","line":123,"loc":{"start":{"line":123,"column":33},"end":{"line":123,"column":48}},"skip":true},"7":{"name":"(anonymous_7)","line":125,"loc":{"start":{"line":125,"column":27},"end":{"line":125,"column":39}},"skip":true},"8":{"name":"(anonymous_8)","line":133,"loc":{"start":{"line":133,"column":59},"end":{"line":133,"column":74}},"skip":true},"9":{"name":"(anonymous_9)","line":143,"loc":{"start":{"line":143,"column":45},"end":{"line":143,"column":62}},"skip":true},"10":{"name":"(anonymous_10)","line":144,"loc":{"start":{"line":144,"column":73},"end":{"line":144,"column":92}},"skip":true},"11":{"name":"(anonymous_11)","line":272,"loc":{"start":{"line":272,"column":51},"end":{"line":272,"column":77}},"skip":true},"12":{"name":"(anonymous_12)","line":315,"loc":{"start":{"line":315,"column":32},"end":{"line":315,"column":61}},"skip":true}},"statementMap":{"1":{"start":{"line":26,"column":0},"end":{"line":326,"column":5}},"2":{"start":{"line":28,"column":4},"end":{"line":28,"column":14}},"3":{"start":{"line":33,"column":4},"end":{"line":60,"column":9}},"4":{"start":{"line":35,"column":8},"end":{"line":35,"column":19}},"5":{"start":{"line":37,"column":8},"end":{"line":49,"column":13}},"6":{"start":{"line":38,"column":12},"end":{"line":48,"column":13}},"7":{"start":{"line":39,"column":16},"end":{"line":42,"column":30}},"8":{"start":{"line":44,"column":16},"end":{"line":47,"column":27}},"9":{"start":{"line":51,"column":8},"end":{"line":53,"column":21}},"10":{"start":{"line":55,"column":8},"end":{"line":57,"column":45}},"11":{"start":{"line":59,"column":8},"end":{"line":59,"column":35}},"12":{"start":{"line":61,"column":4},"end":{"line":325,"column":5}},"13":{"start":{"line":69,"column":8},"end":{"line":121,"column":10},"skip":true},"14":{"start":{"line":70,"column":12},"end":{"line":88,"column":13},"skip":true},"15":{"start":{"line":76,"column":16},"end":{"line":87,"column":19},"skip":true},"16":{"start":{"line":79,"column":20},"end":{"line":86,"column":21},"skip":true},"17":{"start":{"line":82,"column":24},"end":{"line":82,"column":43},"skip":true},"18":{"start":{"line":83,"column":24},"end":{"line":83,"column":30},"skip":true},"19":{"start":{"line":85,"column":24},"end":{"line":85,"column":49},"skip":true},"20":{"start":{"line":89,"column":12},"end":{"line":107,"column":13},"skip":true},"21":{"start":{"line":92,"column":16},"end":{"line":102,"column":17},"skip":true},"22":{"start":{"line":93,"column":20},"end":{"line":93,"column":86},"skip":true},"23":{"start":{"line":94,"column":20},"end":{"line":95,"column":45},"skip":true},"24":{"start":{"line":96,"column":20},"end":{"line":96,"column":42},"skip":true},"25":{"start":{"line":97,"column":20},"end":{"line":97,"column":48},"skip":true},"26":{"start":{"line":100,"column":20},"end":{"line":100,"column":85},"skip":true},"27":{"start":{"line":101,"column":20},"end":{"line":101,"column":96},"skip":true},"28":{"start":{"line":103,"column":16},"end":{"line":103,"column":22},"skip":true},"29":{"start":{"line":106,"column":16},"end":{"line":106,"column":22},"skip":true},"30":{"start":{"line":108,"column":12},"end":{"line":120,"column":13},"skip":true},"31":{"start":{"line":114,"column":16},"end":{"line":119,"column":17},"skip":true},"32":{"start":{"line":116,"column":20},"end":{"line":116,"column":78},"skip":true},"33":{"start":{"line":118,"column":20},"end":{"line":118,"column":47},"skip":true},"34":{"start":{"line":123,"column":8},"end":{"line":141,"column":11},"skip":true},"35":{"start":{"line":124,"column":12},"end":{"line":124,"column":54},"skip":true},"36":{"start":{"line":125,"column":12},"end":{"line":140,"column":14},"skip":true},"37":{"start":{"line":126,"column":16},"end":{"line":126,"column":28},"skip":true},"38":{"start":{"line":127,"column":16},"end":{"line":127,"column":69},"skip":true},"39":{"start":{"line":128,"column":16},"end":{"line":128,"column":75},"skip":true},"40":{"start":{"line":129,"column":16},"end":{"line":131,"column":17},"skip":true},"41":{"start":{"line":130,"column":20},"end":{"line":130,"column":27},"skip":true},"42":{"start":{"line":133,"column":16},"end":{"line":137,"column":36},"skip":true},"43":{"start":{"line":134,"column":20},"end":{"line":136,"column":55},"skip":true},"44":{"start":{"line":139,"column":16},"end":{"line":139,"column":57},"skip":true},"45":{"start":{"line":143,"column":8},"end":{"line":147,"column":11},"skip":true},"46":{"start":{"line":144,"column":12},"end":{"line":146,"column":15},"skip":true},"47":{"start":{"line":145,"column":16},"end":{"line":145,"column":70},"skip":true},"48":{"start":{"line":149,"column":8},"end":{"line":149,"column":31},"skip":true},"49":{"start":{"line":150,"column":8},"end":{"line":150,"column":14},"skip":true},"50":{"start":{"line":158,"column":8},"end":{"line":158,"column":31},"skip":true},"51":{"start":{"line":160,"column":8},"end":{"line":160,"column":33},"skip":true},"52":{"start":{"line":161,"column":8},"end":{"line":161,"column":37},"skip":true},"53":{"start":{"line":162,"column":8},"end":{"line":162,"column":35},"skip":true},"54":{"start":{"line":164,"column":8},"end":{"line":164,"column":50},"skip":true},"55":{"start":{"line":166,"column":8},"end":{"line":256,"column":2},"skip":true},"56":{"start":{"line":258,"column":8},"end":{"line":286,"column":9},"skip":true},"57":{"start":{"line":259,"column":12},"end":{"line":269,"column":14},"skip":true},"58":{"start":{"line":271,"column":12},"end":{"line":285,"column":19},"skip":true},"59":{"start":{"line":274,"column":20},"end":{"line":274,"column":35},"skip":true},"60":{"start":{"line":275,"column":20},"end":{"line":284,"column":21},"skip":true},"61":{"start":{"line":277,"column":24},"end":{"line":277,"column":64},"skip":true},"62":{"start":{"line":279,"column":24},"end":{"line":279,"column":40},"skip":true},"63":{"start":{"line":281,"column":24},"end":{"line":281,"column":40},"skip":true},"64":{"start":{"line":283,"column":24},"end":{"line":283,"column":39},"skip":true},"65":{"start":{"line":288,"column":8},"end":{"line":290,"column":9},"skip":true},"66":{"start":{"line":289,"column":12},"end":{"line":289,"column":18},"skip":true},"67":{"start":{"line":291,"column":8},"end":{"line":293,"column":54},"skip":true},"68":{"start":{"line":296,"column":8},"end":{"line":301,"column":37},"skip":true},"69":{"start":{"line":303,"column":8},"end":{"line":303,"column":82},"skip":true},"70":{"start":{"line":306,"column":8},"end":{"line":308,"column":9},"skip":true},"71":{"start":{"line":307,"column":12},"end":{"line":307,"column":82},"skip":true},"72":{"start":{"line":310,"column":8},"end":{"line":312,"column":9},"skip":true},"73":{"start":{"line":311,"column":12},"end":{"line":311,"column":18},"skip":true},"74":{"start":{"line":313,"column":8},"end":{"line":313,"column":54},"skip":true},"75":{"start":{"line":314,"column":8},"end":{"line":314,"column":69},"skip":true},"76":{"start":{"line":315,"column":8},"end":{"line":323,"column":36},"skip":true},"77":{"start":{"line":316,"column":12},"end":{"line":316,"column":61},"skip":true},"78":{"start":{"line":317,"column":12},"end":{"line":320,"column":13},"skip":true},"79":{"start":{"line":318,"column":16},"end":{"line":318,"column":75},"skip":true},"80":{"start":{"line":319,"column":16},"end":{"line":319,"column":23},"skip":true},"81":{"start":{"line":321,"column":12},"end":{"line":321,"column":38},"skip":true},"82":{"start":{"line":322,"column":12},"end":{"line":322,"column":27},"skip":true},"83":{"start":{"line":324,"column":8},"end":{"line":324,"column":14},"skip":true}},"branchMap":{"1":{"line":39,"type":"binary-expr","locations":[{"start":{"line":39,"column":23},"end":{"line":39,"column":62}},{"start":{"line":40,"column":20},"end":{"line":40,"column":70}},{"start":{"line":41,"column":20},"end":{"line":41,"column":71}},{"start":{"line":42,"column":20},"end":{"line":42,"column":29}}]},"2":{"line":44,"type":"binary-expr","locations":[{"start":{"line":44,"column":23},"end":{"line":44,"column":37}},{"start":{"line":45,"column":20},"end":{"line":45,"column":61}},{"start":{"line":46,"column":20},"end":{"line":46,"column":70}},{"start":{"line":47,"column":20},"end":{"line":47,"column":26}}]},"3":{"line":51,"type":"cond-expr","locations":[{"start":{"line":52,"column":14},"end":{"line":52,"column":20}},{"start":{"line":53,"column":14},"end":{"line":53,"column":20}}]},"4":{"line":55,"type":"binary-expr","locations":[{"start":{"line":55,"column":16},"end":{"line":55,"column":44}},{"start":{"line":55,"column":49},"end":{"line":57,"column":43}}]},"5":{"line":55,"type":"cond-expr","locations":[{"start":{"line":56,"column":14},"end":{"line":56,"column":50}},{"start":{"line":57,"column":14},"end":{"line":57,"column":43}}]},"6":{"line":61,"type":"switch","locations":[{"start":{"line":68,"column":4},"end":{"line":150,"column":14},"skip":true},{"start":{"line":156,"column":4},"end":{"line":324,"column":14},"skip":true}]},"7":{"line":70,"type":"if","locations":[{"start":{"line":70,"column":12},"end":{"line":70,"column":12},"skip":true},{"start":{"line":70,"column":12},"end":{"line":70,"column":12},"skip":true}]},"8":{"line":70,"type":"binary-expr","locations":[{"start":{"line":70,"column":16},"end":{"line":70,"column":22},"skip":true},{"start":{"line":70,"column":27},"end":{"line":70,"column":32},"skip":true},{"start":{"line":71,"column":20},"end":{"line":71,"column":39},"skip":true},{"start":{"line":72,"column":20},"end":{"line":72,"column":49},"skip":true},{"start":{"line":73,"column":20},"end":{"line":73,"column":58},"skip":true},{"start":{"line":74,"column":20},"end":{"line":74,"column":69},"skip":true}]},"9":{"line":79,"type":"switch","locations":[{"start":{"line":80,"column":20},"end":{"line":80,"column":33},"skip":true},{"start":{"line":81,"column":20},"end":{"line":83,"column":30},"skip":true},{"start":{"line":84,"column":20},"end":{"line":85,"column":49},"skip":true}]},"10":{"line":89,"type":"switch","locations":[{"start":{"line":90,"column":12},"end":{"line":103,"column":22},"skip":true},{"start":{"line":105,"column":12},"end":{"line":106,"column":22},"skip":true}]},"11":{"line":89,"type":"binary-expr","locations":[{"start":{"line":89,"column":20},"end":{"line":89,"column":25},"skip":true},{"start":{"line":89,"column":29},"end":{"line":89,"column":48},"skip":true},{"start":{"line":89,"column":52},"end":{"line":89,"column":74},"skip":true}]},"12":{"line":92,"type":"if","locations":[{"start":{"line":92,"column":16},"end":{"line":92,"column":16},"skip":true},{"start":{"line":92,"column":16},"end":{"line":92,"column":16},"skip":true}]},"13":{"line":108,"type":"if","locations":[{"start":{"line":108,"column":12},"end":{"line":108,"column":12},"skip":true},{"start":{"line":108,"column":12},"end":{"line":108,"column":12},"skip":true}]},"14":{"line":108,"type":"binary-expr","locations":[{"start":{"line":108,"column":16},"end":{"line":108,"column":61},"skip":true},{"start":{"line":108,"column":66},"end":{"line":108,"column":72},"skip":true},{"start":{"line":108,"column":77},"end":{"line":108,"column":82},"skip":true},{"start":{"line":109,"column":20},"end":{"line":109,"column":39},"skip":true},{"start":{"line":110,"column":20},"end":{"line":110,"column":49},"skip":true},{"start":{"line":111,"column":20},"end":{"line":111,"column":58},"skip":true},{"start":{"line":112,"column":20},"end":{"line":112,"column":68},"skip":true}]},"15":{"line":129,"type":"if","locations":[{"start":{"line":129,"column":16},"end":{"line":129,"column":16},"skip":true},{"start":{"line":129,"column":16},"end":{"line":129,"column":16},"skip":true}]},"16":{"line":134,"type":"cond-expr","locations":[{"start":{"line":135,"column":26},"end":{"line":135,"column":29},"skip":true},{"start":{"line":136,"column":26},"end":{"line":136,"column":54},"skip":true}]},"17":{"line":164,"type":"binary-expr","locations":[{"start":{"line":164,"column":27},"end":{"line":164,"column":43},"skip":true},{"start":{"line":164,"column":47},"end":{"line":164,"column":49},"skip":true}]},"18":{"line":258,"type":"if","locations":[{"start":{"line":258,"column":8},"end":{"line":258,"column":8},"skip":true},{"start":{"line":258,"column":8},"end":{"line":258,"column":8},"skip":true}]},"19":{"line":275,"type":"switch","locations":[{"start":{"line":276,"column":20},"end":{"line":277,"column":64},"skip":true},{"start":{"line":278,"column":20},"end":{"line":279,"column":40},"skip":true},{"start":{"line":280,"column":20},"end":{"line":281,"column":40},"skip":true},{"start":{"line":282,"column":20},"end":{"line":283,"column":39},"skip":true}]},"20":{"line":288,"type":"if","locations":[{"start":{"line":288,"column":8},"end":{"line":288,"column":8},"skip":true},{"start":{"line":288,"column":8},"end":{"line":288,"column":8},"skip":true}]},"21":{"line":288,"type":"binary-expr","locations":[{"start":{"line":288,"column":12},"end":{"line":288,"column":40},"skip":true},{"start":{"line":288,"column":44},"end":{"line":288,"column":67},"skip":true}]},"22":{"line":292,"type":"binary-expr","locations":[{"start":{"line":292,"column":12},"end":{"line":292,"column":50},"skip":true},{"start":{"line":293,"column":12},"end":{"line":293,"column":53},"skip":true}]},"23":{"line":297,"type":"binary-expr","locations":[{"start":{"line":297,"column":12},"end":{"line":297,"column":64},"skip":true},{"start":{"line":298,"column":12},"end":{"line":301,"column":36},"skip":true}]},"24":{"line":303,"type":"binary-expr","locations":[{"start":{"line":303,"column":43},"end":{"line":303,"column":75},"skip":true},{"start":{"line":303,"column":79},"end":{"line":303,"column":81},"skip":true}]},"25":{"line":306,"type":"if","locations":[{"start":{"line":306,"column":8},"end":{"line":306,"column":8},"skip":true},{"start":{"line":306,"column":8},"end":{"line":306,"column":8},"skip":true}]},"26":{"line":310,"type":"if","locations":[{"start":{"line":310,"column":8},"end":{"line":310,"column":8},"skip":true},{"start":{"line":310,"column":8},"end":{"line":310,"column":8},"skip":true}]},"27":{"line":313,"type":"binary-expr","locations":[{"start":{"line":313,"column":27},"end":{"line":313,"column":43},"skip":true},{"start":{"line":313,"column":47},"end":{"line":313,"column":53},"skip":true}]},"28":{"line":317,"type":"if","locations":[{"start":{"line":317,"column":12},"end":{"line":317,"column":12},"skip":true},{"start":{"line":317,"column":12},"end":{"line":317,"column":12},"skip":true}]}},"code":["/*","example.js","","quickstart example","","instruction","    1. save this script as example.js","    2. run the shell command:","        $ npm install npmtest-gittio && PORT=8081 node example.js","    3. play with the browser-demo on http://127.0.0.1:8081","*/","","","","/* istanbul instrument in package npmtest_gittio */","/*jslint","    bitwise: true,","    browser: true,","    maxerr: 8,","    maxlen: 96,","    node: true,","    nomen: true,","    regexp: true,","    stupid: true","*/","(function () {","    'use strict';","    var local;","","","","    // run shared js-env code - init-before","    (function () {","        // init local","        local = {};","        // init modeJs","        local.modeJs = (function () {","            try {","                return typeof navigator.userAgent === 'string' &&","                    typeof document.querySelector('body') === 'object' &&","                    typeof XMLHttpRequest.prototype.open === 'function' &&","                    'browser';","            } catch (errorCaughtBrowser) {","                return module.exports &&","                    typeof process.versions.node === 'string' &&","                    typeof require('http').createServer === 'function' &&","                    'node';","            }","        }());","        // init global","        local.global = local.modeJs === 'browser'","            ? window","            : global;","        // init utility2_rollup","        local = local.global.utility2_rollup || (local.modeJs === 'browser'","            ? local.global.utility2_npmtest_gittio","            : global.utility2_moduleExports);","        // export local","        local.global.local = local;","    }());","    switch (local.modeJs) {","","","","    // init-after","    // run browser js-env code - init-after","    /* istanbul ignore next */","    case 'browser':","        local.testRunBrowser = function (event) {","            if (!event || (event &&","                    event.currentTarget &&","                    event.currentTarget.className &&","                    event.currentTarget.className.includes &&","                    event.currentTarget.className.includes('onreset'))) {","                // reset output","                Array.from(","                    document.querySelectorAll('body > .resettable')","                ).forEach(function (element) {","                    switch (element.tagName) {","                    case 'INPUT':","                    case 'TEXTAREA':","                        element.value = '';","                        break;","                    default:","                        element.textContent = '';","                    }","                });","            }","            switch (event && event.currentTarget && event.currentTarget.id) {","            case 'testRunButton1':","                // show tests","                if (document.querySelector('#testReportDiv1').style.display === 'none') {","                    document.querySelector('#testReportDiv1').style.display = 'block';","                    document.querySelector('#testRunButton1').textContent =","                        'hide internal test';","                    local.modeTest = true;","                    local.testRunDefault(local);","                // hide tests","                } else {","                    document.querySelector('#testReportDiv1').style.display = 'none';","                    document.querySelector('#testRunButton1').textContent = 'run internal test';","                }","                break;","            // custom-case","            default:","                break;","            }","            if (document.querySelector('#inputTextareaEval1') && (!event || (event &&","                    event.currentTarget &&","                    event.currentTarget.className &&","                    event.currentTarget.className.includes &&","                    event.currentTarget.className.includes('oneval')))) {","                // try to eval input-code","                try {","                    /*jslint evil: true*/","                    eval(document.querySelector('#inputTextareaEval1').value);","                } catch (errorCaught) {","                    console.error(errorCaught);","                }","            }","        };","        // log stderr and stdout to #outputTextareaStdout1","        ['error', 'log'].forEach(function (key) {","            console[key + '_original'] = console[key];","            console[key] = function () {","                var element;","                console[key + '_original'].apply(console, arguments);","                element = document.querySelector('#outputTextareaStdout1');","                if (!element) {","                    return;","                }","                // append text to #outputTextareaStdout1","                element.value += Array.from(arguments).map(function (arg) {","                    return typeof arg === 'string'","                        ? arg","                        : JSON.stringify(arg, null, 4);","                }).join(' ') + '\\n';","                // scroll textarea to bottom","                element.scrollTop = element.scrollHeight;","            };","        });","        // init event-handling","        ['change', 'click', 'keyup'].forEach(function (event) {","            Array.from(document.querySelectorAll('.on' + event)).forEach(function (element) {","                element.addEventListener(event, local.testRunBrowser);","            });","        });","        // run tests","        local.testRunBrowser();","        break;","","","","    // run node js-env code - init-after","    /* istanbul ignore next */","    case 'node':","        // export local","        module.exports = local;","        // require modules","        local.fs = require('fs');","        local.http = require('http');","        local.url = require('url');","        // init assets","        local.assetsDict = local.assetsDict || {};","        /* jslint-ignore-begin */","        local.assetsDict['/assets.index.template.html'] = '\\","<!doctype html>\\n\\","<html lang=\"en\">\\n\\","<head>\\n\\","<meta charset=\"UTF-8\">\\n\\","<meta name=\"viewport\" content=\"width=device-width, initial-scale=1\">\\n\\","<title>{{env.npm_package_name}} (v{{env.npm_package_version}})</title>\\n\\","<style>\\n\\","/*csslint\\n\\","    box-sizing: false,\\n\\","    universal-selector: false\\n\\","*/\\n\\","* {\\n\\","    box-sizing: border-box;\\n\\","}\\n\\","body {\\n\\","    background: #dde;\\n\\","    font-family: Arial, Helvetica, sans-serif;\\n\\","    margin: 2rem;\\n\\","}\\n\\","body > * {\\n\\","    margin-bottom: 1rem;\\n\\","}\\n\\",".utility2FooterDiv {\\n\\","    margin-top: 20px;\\n\\","    text-align: center;\\n\\","}\\n\\","</style>\\n\\","<style>\\n\\","/*csslint\\n\\","*/\\n\\","textarea {\\n\\","    font-family: monospace;\\n\\","    height: 10rem;\\n\\","    width: 100%;\\n\\","}\\n\\","textarea[readonly] {\\n\\","    background: #ddd;\\n\\","}\\n\\","</style>\\n\\","</head>\\n\\","<body>\\n\\","<!-- utility2-comment\\n\\","<div id=\"ajaxProgressDiv1\" style=\"background: #d00; height: 2px; left: 0; margin: 0; padding: 0; position: fixed; top: 0; transition: background 0.5s, width 1.5s; width: 25%;\"></div>\\n\\","utility2-comment -->\\n\\","<h1>\\n\\","<!-- utility2-comment\\n\\","    <a\\n\\","        {{#if env.npm_package_homepage}}\\n\\","        href=\"{{env.npm_package_homepage}}\"\\n\\","        {{/if env.npm_package_homepage}}\\n\\","        target=\"_blank\"\\n\\","    >\\n\\","utility2-comment -->\\n\\","        {{env.npm_package_name}} (v{{env.npm_package_version}})\\n\\","<!-- utility2-comment\\n\\","    </a>\\n\\","utility2-comment -->\\n\\","</h1>\\n\\","<h3>{{env.npm_package_description}}</h3>\\n\\","<!-- utility2-comment\\n\\","<h4><a download href=\"assets.app.js\">download standalone app</a></h4>\\n\\","<button class=\"onclick onreset\" id=\"testRunButton1\">run internal test</button><br>\\n\\","<div id=\"testReportDiv1\" style=\"display: none;\"></div>\\n\\","utility2-comment -->\\n\\","\\n\\","\\n\\","\\n\\","<label>stderr and stdout</label>\\n\\","<textarea class=\"resettable\" id=\"outputTextareaStdout1\" readonly></textarea>\\n\\","<!-- utility2-comment\\n\\","{{#if isRollup}}\\n\\","<script src=\"assets.app.js\"></script>\\n\\","{{#unless isRollup}}\\n\\","utility2-comment -->\\n\\","<script src=\"assets.utility2.rollup.js\"></script>\\n\\","<script src=\"jsonp.utility2._stateInit?callback=window.utility2._stateInit\"></script>\\n\\","<script src=\"assets.npmtest_gittio.rollup.js\"></script>\\n\\","<script src=\"assets.example.js\"></script>\\n\\","<script src=\"assets.test.js\"></script>\\n\\","<!-- utility2-comment\\n\\","{{/if isRollup}}\\n\\","utility2-comment -->\\n\\","<div class=\"utility2FooterDiv\">\\n\\","    [ this app was created with\\n\\","    <a href=\"https://github.com/kaizhu256/node-utility2\" target=\"_blank\">utility2</a>\\n\\","    ]\\n\\","</div>\\n\\","</body>\\n\\","</html>\\n\\","';","        /* jslint-ignore-end */","        if (local.templateRender) {","            local.assetsDict['/'] = local.templateRender(","                local.assetsDict['/assets.index.template.html'],","                {","                    env: local.objectSetDefault(local.env, {","                        npm_package_description: 'the greatest app in the world!',","                        npm_package_name: 'my-app',","                        npm_package_nameAlias: 'my_app',","                        npm_package_version: '0.0.1'","                    })","                }","            );","        } else {","            local.assetsDict['/'] = local.assetsDict['/assets.index.template.html']","                .replace((/\\{\\{env\\.(\\w+?)\\}\\}/g), function (match0, match1) {","                    // jslint-hack","                    String(match0);","                    switch (match1) {","                    case 'npm_package_description':","                        return 'the greatest app in the world!';","                    case 'npm_package_name':","                        return 'my-app';","                    case 'npm_package_nameAlias':","                        return 'my_app';","                    case 'npm_package_version':","                        return '0.0.1';","                    }","                });","        }","        // run the cli","        if (local.global.utility2_rollup || module !== require.main) {","            break;","        }","        local.assetsDict['/assets.example.js'] =","            local.assetsDict['/assets.example.js'] ||","            local.fs.readFileSync(__filename, 'utf8');","        // bug-workaround - long $npm_package_buildCustomOrg","        /* jslint-ignore-begin */","        local.assetsDict['/assets.npmtest_gittio.rollup.js'] =","            local.assetsDict['/assets.npmtest_gittio.rollup.js'] ||","            local.fs.readFileSync(","                local.npmtest_gittio.__dirname + '/lib.npmtest_gittio.js',","                'utf8'","            ).replace((/^#!/), '//');","        /* jslint-ignore-end */","        local.assetsDict['/favicon.ico'] = local.assetsDict['/favicon.ico'] || '';","        // if $npm_config_timeout_exit exists,","        // then exit this process after $npm_config_timeout_exit ms","        if (Number(process.env.npm_config_timeout_exit)) {","            setTimeout(process.exit, Number(process.env.npm_config_timeout_exit));","        }","        // start server","        if (local.global.utility2_serverHttp1) {","            break;","        }","        process.env.PORT = process.env.PORT || '8081';","        console.error('server starting on port ' + process.env.PORT);","        local.http.createServer(function (request, response) {","            request.urlParsed = local.url.parse(request.url);","            if (local.assetsDict[request.urlParsed.pathname] !== undefined) {","                response.end(local.assetsDict[request.urlParsed.pathname]);","                return;","            }","            response.statusCode = 404;","            response.end();","        }).listen(process.env.PORT);","        break;","    }","}());",""],"l":{"26":2,"28":2,"33":2,"35":2,"37":2,"38":2,"39":2,"44":1,"51":2,"55":2,"59":2,"61":2,"69":1,"70":2,"76":2,"79":2,"82":2,"83":2,"85":1,"89":2,"92":1,"93":1,"94":1,"96":1,"97":1,"100":1,"101":1,"103":1,"106":1,"108":2,"114":1,"116":1,"118":1,"123":1,"124":2,"125":2,"126":3,"127":3,"128":3,"129":3,"130":1,"133":3,"134":3,"139":3,"143":1,"144":3,"145":1,"149":1,"150":1,"158":1,"160":1,"161":1,"162":1,"164":1,"166":1,"258":1,"259":1,"271":1,"274":6,"275":6,"277":1,"279":2,"281":1,"283":2,"288":1,"289":1,"291":1,"296":1,"303":1,"306":1,"307":1,"310":1,"311":1,"313":1,"314":1,"315":1,"316":1,"317":1,"318":1,"319":1,"321":1,"322":1,"324":1}},"/home/travis/build/npmtest/node-npmtest-gittio/node_modules/gittio/lib/gittio.js":{"path":"/home/travis/build/npmtest/node-npmtest-gittio/node_modules/gittio/lib/gittio.js","s":{"1":1,"2":1,"3":0,"4":0,"5":0,"6":0,"7":1,"8":0,"9":0,"10":0,"11":0,"12":0,"13":0,"14":0,"15":0,"16":0,"17":0,"18":0,"19":0,"20":0,"21":0,"22":0,"23":0,"24":0,"25":0,"26":0,"27":1,"28":0,"29":0,"30":0,"31":0,"32":0,"33":0,"34":0,"35":0,"36":0,"37":0,"38":0,"39":0,"40":0,"41":0,"42":0,"43":0,"44":0,"45":0,"46":0,"47":0,"48":0,"49":0,"50":0,"51":0,"52":0,"53":0,"54":0,"55":0,"56":0,"57":0,"58":0,"59":0,"60":0,"61":0,"62":0,"63":0,"64":1,"65":0,"66":0,"67":0,"68":0,"69":0,"70":0,"71":0,"72":0,"73":0,"74":0,"75":0,"76":0,"77":0,"78":0,"79":0,"80":0,"81":0,"82":0,"83":1,"84":0,"85":0,"86":0,"87":0,"88":1,"89":0,"90":0,"91":0,"92":0,"93":0,"94":0,"95":0,"96":1,"97":0,"98":0,"99":0,"100":0,"101":0,"102":0,"103":0,"104":0,"105":0,"106":0,"107":0,"108":0,"109":0,"110":0,"111":0,"112":0,"113":0,"114":0,"115":0,"116":0,"117":0,"118":0,"119":0,"120":0,"121":0,"122":0,"123":0,"124":0,"125":0,"126":0,"127":0,"128":0,"129":0,"130":0,"131":0,"132":0,"133":0,"134":1,"135":0,"136":0,"137":0,"138":0,"139":0,"140":1,"141":0,"142":0,"143":0,"144":0,"145":0,"146":1,"147":0,"148":0,"149":0,"150":0,"151":0,"152":0,"153":0,"154":0,"155":0,"156":0,"157":0,"158":0,"159":0,"160":0,"161":0,"162":0,"163":0,"164":0,"165":0,"166":0,"167":0,"168":0,"169":0,"170":0,"171":0,"172":0,"173":0,"174":0,"175":0,"176":0,"177":0,"178":0,"179":0,"180":0,"181":0,"182":0,"183":0,"184":0,"185":0,"186":0,"187":0,"188":0,"189":0,"190":0,"191":0,"192":0,"193":1,"194":0,"195":1,"196":0,"197":0,"198":0,"199":0,"200":0,"201":0,"202":0,"203":0,"204":0,"205":1,"206":0,"207":0,"208":0,"209":0,"210":0,"211":0,"212":0,"213":0,"214":0,"215":0,"216":0,"217":0,"218":0,"219":0,"220":0,"221":1,"222":0,"223":0,"224":0,"225":0,"226":0,"227":0,"228":0,"229":0,"230":0,"231":0,"232":0,"233":1,"234":0,"235":0,"236":0,"237":0,"238":0,"239":0,"240":0,"241":0,"242":0,"243":0,"244":0,"245":0,"246":0,"247":0,"248":0,"249":0,"250":0,"251":0,"252":0,"253":0,"254":0,"255":0,"256":0,"257":0,"258":0,"259":0,"260":0,"261":0,"262":0,"263":0,"264":0,"265":0,"266":0,"267":0,"268":0,"269":0,"270":0,"271":0,"272":0,"273":0,"274":0,"275":0,"276":0,"277":0,"278":0,"279":0,"280":0,"281":0,"282":0,"283":0,"284":0,"285":0,"286":0,"287":0,"288":0,"289":0,"290":0,"291":0,"292":0,"293":0,"294":0,"295":0,"296":0,"297":0,"298":0,"299":0,"300":1,"301":1,"302":1,"303":1},"b":{"1":[0,0],"2":[0,0],"3":[0,0],"4":[0,0],"5":[0,0,0],"6":[0,0],"7":[0,0],"8":[0,0],"9":[0,0],"10":[0,0],"11":[0,0],"12":[0,0],"13":[0,0],"14":[0,0],"15":[0,0],"16":[0,0],"17":[0,0],"18":[0,0],"19":[0,0],"20":[0,0],"21":[0,0],"22":[0,0],"23":[0,0],"24":[0,0],"25":[0,0],"26":[0,0],"27":[0,0],"28":[0,0],"29":[0,0],"30":[0,0],"31":[0,0],"32":[0,0],"33":[0,0],"34":[0,0],"35":[0,0],"36":[0,0],"37":[0,0],"38":[0,0],"39":[0,0],"40":[0,0],"41":[0,0],"42":[0,0],"43":[0,0],"44":[0,0],"45":[0,0],"46":[0,0],"47":[0,0],"48":[0,0],"49":[0,0],"50":[0,0],"51":[0,0],"52":[0,0],"53":[0,0],"54":[0,0],"55":[0,0],"56":[0,0],"57":[0,0],"58":[0,0],"59":[0,0],"60":[0,0],"61":[0,0],"62":[0,0],"63":[0,0,0],"64":[0,0],"65":[0,0],"66":[0,0],"67":[0,0],"68":[0,0],"69":[0,0],"70":[0,0],"71":[0,0],"72":[0,0],"73":[0,0],"74":[0,0],"75":[0,0],"76":[0,0],"77":[0,0],"78":[0,0],"79":[0,0],"80":[0,0],"81":[0,0],"82":[0,0],"83":[0,0],"84":[0,0],"85":[0,0],"86":[0,0],"87":[0,0],"88":[0,0],"89":[0,0],"90":[0,0],"91":[0,0],"92":[0,0],"93":[0,0],"94":[0,0],"95":[0,0],"96":[0,0],"97":[0,0]},"f":{"1":0,"2":0,"3":0,"4":0,"5":0,"6":0,"7":0,"8":0,"9":0,"10":0,"11":0,"12":0,"13":0,"14":0,"15":0,"16":0,"17":0,"18":0,"19":0,"20":0,"21":0,"22":0,"23":0,"24":0,"25":0,"26":0,"27":0,"28":0,"29":0,"30":0,"31":0,"32":0,"33":0,"34":0,"35":0,"36":0,"37":0,"38":0,"39":0,"40":0,"41":0,"42":0,"43":0,"44":0,"45":0,"46":0,"47":0},"fnMap":{"1":{"name":"uninstall","line":17,"loc":{"start":{"line":17,"column":0},"end":{"line":17,"column":22}}},"2":{"name":"_uninstallWidget","line":28,"loc":{"start":{"line":28,"column":0},"end":{"line":28,"column":29}}},"3":{"name":"(anonymous_3)","line":34,"loc":{"start":{"line":34,"column":28},"end":{"line":34,"column":40}}},"4":{"name":"(anonymous_4)","line":47,"loc":{"start":{"line":47,"column":26},"end":{"line":47,"column":38}}},"5":{"name":"_uninstallModule","line":59,"loc":{"start":{"line":59,"column":0},"end":{"line":59,"column":29}}},"6":{"name":"(anonymous_6)","line":69,"loc":{"start":{"line":69,"column":53},"end":{"line":69,"column":66}}},"7":{"name":"(anonymous_7)","line":73,"loc":{"start":{"line":73,"column":42},"end":{"line":73,"column":55}}},"8":{"name":"(anonymous_8)","line":77,"loc":{"start":{"line":77,"column":40},"end":{"line":77,"column":53}}},"9":{"name":"(anonymous_9)","line":98,"loc":{"start":{"line":98,"column":54},"end":{"line":98,"column":69}}},"10":{"name":"forEach","line":102,"loc":{"start":{"line":102,"column":25},"end":{"line":102,"column":55}}},"11":{"name":"install","line":132,"loc":{"start":{"line":132,"column":0},"end":{"line":132,"column":20}}},"12":{"name":"_addDependency","line":166,"loc":{"start":{"line":166,"column":0},"end":{"line":166,"column":37}}},"13":{"name":"findDown","line":174,"loc":{"start":{"line":174,"column":0},"end":{"line":174,"column":29}}},"14":{"name":"(anonymous_14)","line":182,"loc":{"start":{"line":182,"column":12},"end":{"line":182,"column":37}}},"15":{"name":"_installDir","line":194,"loc":{"start":{"line":194,"column":0},"end":{"line":194,"column":29}}},"16":{"name":"(anonymous_16)","line":252,"loc":{"start":{"line":252,"column":55},"end":{"line":252,"column":69}}},"17":{"name":"_installUrl","line":269,"loc":{"start":{"line":269,"column":0},"end":{"line":269,"column":29}}},"18":{"name":"(anonymous_18)","line":271,"loc":{"start":{"line":271,"column":21},"end":{"line":271,"column":40}}},"19":{"name":"_installFile","line":283,"loc":{"start":{"line":283,"column":0},"end":{"line":283,"column":31}}},"20":{"name":"(anonymous_20)","line":285,"loc":{"start":{"line":285,"column":21},"end":{"line":285,"column":40}}},"21":{"name":"_installSingle","line":297,"loc":{"start":{"line":297,"column":0},"end":{"line":297,"column":27}}},"22":{"name":"(anonymous_22)","line":299,"loc":{"start":{"line":299,"column":25},"end":{"line":299,"column":44}}},"23":{"name":"(anonymous_23)","line":320,"loc":{"start":{"line":320,"column":18},"end":{"line":320,"column":32}}},"24":{"name":"(anonymous_24)","line":336,"loc":{"start":{"line":336,"column":32},"end":{"line":336,"column":55}}},"25":{"name":"(anonymous_25)","line":375,"loc":{"start":{"line":375,"column":19},"end":{"line":375,"column":37}}},"26":{"name":"(anonymous_26)","line":380,"loc":{"start":{"line":380,"column":25},"end":{"line":380,"column":39}}},"27":{"name":"(anonymous_27)","line":387,"loc":{"start":{"line":387,"column":46},"end":{"line":387,"column":59}}},"28":{"name":"(anonymous_28)","line":391,"loc":{"start":{"line":391,"column":21},"end":{"line":391,"column":32}}},"29":{"name":"_installAll","line":418,"loc":{"start":{"line":418,"column":0},"end":{"line":418,"column":24}}},"30":{"name":"_installAllWidgets","line":425,"loc":{"start":{"line":425,"column":0},"end":{"line":425,"column":31}}},"31":{"name":"(anonymous_31)","line":433,"loc":{"start":{"line":433,"column":32},"end":{"line":433,"column":58}}},"32":{"name":"(anonymous_32)","line":434,"loc":{"start":{"line":434,"column":19},"end":{"line":434,"column":30}}},"33":{"name":"_installAllModules","line":450,"loc":{"start":{"line":450,"column":0},"end":{"line":450,"column":31}}},"34":{"name":"(anonymous_34)","line":453,"loc":{"start":{"line":453,"column":39},"end":{"line":453,"column":51}}},"35":{"name":"(anonymous_35)","line":454,"loc":{"start":{"line":454,"column":13},"end":{"line":454,"column":24}}},"36":{"name":"(anonymous_36)","line":464,"loc":{"start":{"line":464,"column":53},"end":{"line":464,"column":66}}},"37":{"name":"(anonymous_37)","line":467,"loc":{"start":{"line":467,"column":40},"end":{"line":467,"column":53}}},"38":{"name":"(anonymous_38)","line":470,"loc":{"start":{"line":470,"column":19},"end":{"line":470,"column":30}}},"39":{"name":"info","line":486,"loc":{"start":{"line":486,"column":0},"end":{"line":486,"column":27}}},"40":{"name":"(anonymous_40)","line":490,"loc":{"start":{"line":490,"column":5},"end":{"line":490,"column":16}}},"41":{"name":"(anonymous_41)","line":491,"loc":{"start":{"line":491,"column":25},"end":{"line":491,"column":45}}},"42":{"name":"demo","line":515,"loc":{"start":{"line":515,"column":0},"end":{"line":515,"column":17}}},"43":{"name":"(anonymous_43)","line":522,"loc":{"start":{"line":522,"column":25},"end":{"line":522,"column":44}}},"44":{"name":"(anonymous_44)","line":558,"loc":{"start":{"line":558,"column":7},"end":{"line":558,"column":29}}},"45":{"name":"(anonymous_45)","line":577,"loc":{"start":{"line":577,"column":9},"end":{"line":577,"column":31}}},"46":{"name":"(anonymous_46)","line":601,"loc":{"start":{"line":601,"column":30},"end":{"line":601,"column":49}}},"47":{"name":"(anonymous_47)","line":642,"loc":{"start":{"line":642,"column":11},"end":{"line":642,"column":33}}}},"statementMap":{"1":{"start":{"line":1,"column":0},"end":{"line":15,"column":29}},"2":{"start":{"line":17,"column":0},"end":{"line":26,"column":1}},"3":{"start":{"line":19,"column":2},"end":{"line":21,"column":3}},"4":{"start":{"line":20,"column":4},"end":{"line":20,"column":21}},"5":{"start":{"line":23,"column":2},"end":{"line":25,"column":3}},"6":{"start":{"line":24,"column":4},"end":{"line":24,"column":24}},"7":{"start":{"line":28,"column":0},"end":{"line":57,"column":1}},"8":{"start":{"line":29,"column":2},"end":{"line":31,"column":3}},"9":{"start":{"line":30,"column":4},"end":{"line":30,"column":17}},"10":{"start":{"line":32,"column":2},"end":{"line":32,"column":53}},"11":{"start":{"line":33,"column":2},"end":{"line":33,"column":50}},"12":{"start":{"line":34,"column":2},"end":{"line":36,"column":5}},"13":{"start":{"line":35,"column":4},"end":{"line":35,"column":22}},"14":{"start":{"line":37,"column":2},"end":{"line":37,"column":121}},"15":{"start":{"line":38,"column":2},"end":{"line":38,"column":45}},"16":{"start":{"line":39,"column":2},"end":{"line":54,"column":3}},"17":{"start":{"line":40,"column":4},"end":{"line":40,"column":25}},"18":{"start":{"line":41,"column":4},"end":{"line":41,"column":42}},"19":{"start":{"line":43,"column":4},"end":{"line":43,"column":41}},"20":{"start":{"line":45,"column":4},"end":{"line":45,"column":16}},"21":{"start":{"line":47,"column":4},"end":{"line":49,"column":7}},"22":{"start":{"line":48,"column":6},"end":{"line":48,"column":52}},"23":{"start":{"line":50,"column":4},"end":{"line":53,"column":5}},"24":{"start":{"line":51,"column":6},"end":{"line":51,"column":50}},"25":{"start":{"line":52,"column":6},"end":{"line":52,"column":18}},"26":{"start":{"line":56,"column":2},"end":{"line":56,"column":15}},"27":{"start":{"line":59,"column":0},"end":{"line":130,"column":1}},"28":{"start":{"line":60,"column":2},"end":{"line":60,"column":87}},"29":{"start":{"line":61,"column":2},"end":{"line":61,"column":80}},"30":{"start":{"line":62,"column":2},"end":{"line":62,"column":26}},"31":{"start":{"line":64,"column":2},"end":{"line":66,"column":3}},"32":{"start":{"line":65,"column":4},"end":{"line":65,"column":66}},"33":{"start":{"line":68,"column":2},"end":{"line":123,"column":3}},"34":{"start":{"line":69,"column":4},"end":{"line":91,"column":7}},"35":{"start":{"line":70,"column":6},"end":{"line":71,"column":33}},"36":{"start":{"line":72,"column":6},"end":{"line":90,"column":7}},"37":{"start":{"line":73,"column":8},"end":{"line":89,"column":11}},"38":{"start":{"line":74,"column":10},"end":{"line":75,"column":31}},"39":{"start":{"line":76,"column":10},"end":{"line":88,"column":11}},"40":{"start":{"line":77,"column":12},"end":{"line":87,"column":15}},"41":{"start":{"line":78,"column":14},"end":{"line":79,"column":31}},"42":{"start":{"line":80,"column":14},"end":{"line":86,"column":15}},"43":{"start":{"line":81,"column":16},"end":{"line":81,"column":62}},"44":{"start":{"line":82,"column":16},"end":{"line":85,"column":17}},"45":{"start":{"line":83,"column":18},"end":{"line":83,"column":60}},"46":{"start":{"line":84,"column":18},"end":{"line":84,"column":37}},"47":{"start":{"line":94,"column":4},"end":{"line":96,"column":5}},"48":{"start":{"line":95,"column":6},"end":{"line":95,"column":13}},"49":{"start":{"line":98,"column":4},"end":{"line":100,"column":7}},"50":{"start":{"line":99,"column":6},"end":{"line":99,"column":65}},"51":{"start":{"line":102,"column":4},"end":{"line":122,"column":7}},"52":{"start":{"line":104,"column":6},"end":{"line":106,"column":7}},"53":{"start":{"line":105,"column":8},"end":{"line":105,"column":15}},"54":{"start":{"line":108,"column":6},"end":{"line":108,"column":58}},"55":{"start":{"line":110,"column":6},"end":{"line":112,"column":7}},"56":{"start":{"line":111,"column":8},"end":{"line":111,"column":48}},"57":{"start":{"line":114,"column":6},"end":{"line":120,"column":7}},"58":{"start":{"line":115,"column":8},"end":{"line":115,"column":29}},"59":{"start":{"line":117,"column":8},"end":{"line":117,"column":27}},"60":{"start":{"line":119,"column":8},"end":{"line":119,"column":98}},"61":{"start":{"line":125,"column":2},"end":{"line":125,"column":55}},"62":{"start":{"line":127,"column":2},"end":{"line":129,"column":3}},"63":{"start":{"line":128,"column":4},"end":{"line":128,"column":39}},"64":{"start":{"line":132,"column":0},"end":{"line":164,"column":1}},"65":{"start":{"line":134,"column":2},"end":{"line":136,"column":3}},"66":{"start":{"line":135,"column":4},"end":{"line":135,"column":21}},"67":{"start":{"line":138,"column":2},"end":{"line":163,"column":3}},"68":{"start":{"line":139,"column":4},"end":{"line":139,"column":33}},"69":{"start":{"line":141,"column":9},"end":{"line":163,"column":3}},"70":{"start":{"line":142,"column":4},"end":{"line":142,"column":35}},"71":{"start":{"line":144,"column":9},"end":{"line":163,"column":3}},"72":{"start":{"line":145,"column":4},"end":{"line":145,"column":29}},"73":{"start":{"line":148,"column":4},"end":{"line":155,"column":5}},"74":{"start":{"line":149,"column":6},"end":{"line":154,"column":7}},"75":{"start":{"line":150,"column":8},"end":{"line":150,"column":37}},"76":{"start":{"line":152,"column":8},"end":{"line":152,"column":79}},"77":{"start":{"line":153,"column":8},"end":{"line":153,"column":15}},"78":{"start":{"line":156,"column":4},"end":{"line":162,"column":5}},"79":{"start":{"line":157,"column":6},"end":{"line":157,"column":35}},"80":{"start":{"line":158,"column":11},"end":{"line":162,"column":5}},"81":{"start":{"line":159,"column":6},"end":{"line":159,"column":35}},"82":{"start":{"line":161,"column":6},"end":{"line":161,"column":28}},"83":{"start":{"line":166,"column":0},"end":{"line":172,"column":1}},"84":{"start":{"line":167,"column":2},"end":{"line":171,"column":3}},"85":{"start":{"line":168,"column":4},"end":{"line":168,"column":79}},"86":{"start":{"line":169,"column":9},"end":{"line":171,"column":3}},"87":{"start":{"line":170,"column":4},"end":{"line":170,"column":64}},"88":{"start":{"line":174,"column":0},"end":{"line":192,"column":1}},"89":{"start":{"line":176,"column":2},"end":{"line":178,"column":3}},"90":{"start":{"line":177,"column":4},"end":{"line":177,"column":16}},"91":{"start":{"line":180,"column":2},"end":{"line":185,"column":5}},"92":{"start":{"line":183,"column":6},"end":{"line":183,"column":65}},"93":{"start":{"line":187,"column":2},"end":{"line":189,"column":3}},"94":{"start":{"line":188,"column":4},"end":{"line":188,"column":20}},"95":{"start":{"line":191,"column":2},"end":{"line":191,"column":14}},"96":{"start":{"line":194,"column":0},"end":{"line":267,"column":1}},"97":{"start":{"line":196,"column":2},"end":{"line":196,"column":15}},"98":{"start":{"line":197,"column":2},"end":{"line":197,"column":15}},"99":{"start":{"line":199,"column":2},"end":{"line":199,"column":53}},"100":{"start":{"line":201,"column":2},"end":{"line":247,"column":3}},"101":{"start":{"line":202,"column":4},"end":{"line":202,"column":62}},"102":{"start":{"line":204,"column":4},"end":{"line":204,"column":27}},"103":{"start":{"line":205,"column":4},"end":{"line":205,"column":24}},"104":{"start":{"line":207,"column":4},"end":{"line":207,"column":37}},"105":{"start":{"line":208,"column":4},"end":{"line":208,"column":48}},"106":{"start":{"line":209,"column":4},"end":{"line":209,"column":57}},"107":{"start":{"line":213,"column":4},"end":{"line":213,"column":50}},"108":{"start":{"line":215,"column":4},"end":{"line":218,"column":5}},"109":{"start":{"line":216,"column":6},"end":{"line":216,"column":52}},"110":{"start":{"line":217,"column":6},"end":{"line":217,"column":13}},"111":{"start":{"line":220,"column":4},"end":{"line":220,"column":77}},"112":{"start":{"line":221,"column":4},"end":{"line":221,"column":14}},"113":{"start":{"line":223,"column":4},"end":{"line":225,"column":5}},"114":{"start":{"line":224,"column":6},"end":{"line":224,"column":29}},"115":{"start":{"line":227,"column":4},"end":{"line":233,"column":5}},"116":{"start":{"line":228,"column":6},"end":{"line":228,"column":24}},"117":{"start":{"line":231,"column":6},"end":{"line":231,"column":60}},"118":{"start":{"line":232,"column":6},"end":{"line":232,"column":13}},"119":{"start":{"line":235,"column":4},"end":{"line":241,"column":5}},"120":{"start":{"line":236,"column":6},"end":{"line":236,"column":42}},"121":{"start":{"line":239,"column":6},"end":{"line":239,"column":67}},"122":{"start":{"line":240,"column":6},"end":{"line":240,"column":13}},"123":{"start":{"line":243,"column":4},"end":{"line":243,"column":24}},"124":{"start":{"line":245,"column":4},"end":{"line":245,"column":28}},"125":{"start":{"line":246,"column":4},"end":{"line":246,"column":78}},"126":{"start":{"line":249,"column":2},"end":{"line":249,"column":64}},"127":{"start":{"line":252,"column":2},"end":{"line":266,"column":5}},"128":{"start":{"line":254,"column":4},"end":{"line":257,"column":5}},"129":{"start":{"line":255,"column":6},"end":{"line":255,"column":24}},"130":{"start":{"line":256,"column":6},"end":{"line":256,"column":13}},"131":{"start":{"line":260,"column":4},"end":{"line":260,"column":32}},"132":{"start":{"line":263,"column":4},"end":{"line":263,"column":21}},"133":{"start":{"line":265,"column":4},"end":{"line":265,"column":39}},"134":{"start":{"line":269,"column":0},"end":{"line":281,"column":1}},"135":{"start":{"line":271,"column":2},"end":{"line":280,"column":5}},"136":{"start":{"line":273,"column":4},"end":{"line":276,"column":5}},"137":{"start":{"line":274,"column":6},"end":{"line":274,"column":24}},"138":{"start":{"line":275,"column":6},"end":{"line":275,"column":13}},"139":{"start":{"line":278,"column":4},"end":{"line":278,"column":24}},"140":{"start":{"line":283,"column":0},"end":{"line":295,"column":1}},"141":{"start":{"line":285,"column":2},"end":{"line":294,"column":5}},"142":{"start":{"line":287,"column":4},"end":{"line":290,"column":5}},"143":{"start":{"line":288,"column":6},"end":{"line":288,"column":24}},"144":{"start":{"line":289,"column":6},"end":{"line":289,"column":13}},"145":{"start":{"line":292,"column":4},"end":{"line":292,"column":24}},"146":{"start":{"line":297,"column":0},"end":{"line":416,"column":1}},"147":{"start":{"line":299,"column":2},"end":{"line":415,"column":5}},"148":{"start":{"line":301,"column":4},"end":{"line":304,"column":5}},"149":{"start":{"line":302,"column":6},"end":{"line":302,"column":24}},"150":{"start":{"line":303,"column":6},"end":{"line":303,"column":13}},"151":{"start":{"line":306,"column":4},"end":{"line":309,"column":5}},"152":{"start":{"line":307,"column":6},"end":{"line":307,"column":83}},"153":{"start":{"line":308,"column":6},"end":{"line":308,"column":13}},"154":{"start":{"line":312,"column":4},"end":{"line":312,"column":46}},"155":{"start":{"line":315,"column":4},"end":{"line":317,"column":5}},"156":{"start":{"line":316,"column":6},"end":{"line":316,"column":13}},"157":{"start":{"line":320,"column":4},"end":{"line":412,"column":7}},"158":{"start":{"line":321,"column":6},"end":{"line":322,"column":50}},"159":{"start":{"line":325,"column":6},"end":{"line":411,"column":7}},"160":{"start":{"line":326,"column":8},"end":{"line":326,"column":51}},"161":{"start":{"line":329,"column":8},"end":{"line":329,"column":36}},"162":{"start":{"line":334,"column":8},"end":{"line":334,"column":48}},"163":{"start":{"line":336,"column":8},"end":{"line":410,"column":11}},"164":{"start":{"line":338,"column":10},"end":{"line":341,"column":11}},"165":{"start":{"line":339,"column":12},"end":{"line":339,"column":30}},"166":{"start":{"line":340,"column":12},"end":{"line":340,"column":19}},"167":{"start":{"line":343,"column":10},"end":{"line":343,"column":49}},"168":{"start":{"line":346,"column":10},"end":{"line":346,"column":71}},"169":{"start":{"line":348,"column":10},"end":{"line":351,"column":11}},"170":{"start":{"line":349,"column":12},"end":{"line":349,"column":30}},"171":{"start":{"line":350,"column":12},"end":{"line":350,"column":19}},"172":{"start":{"line":354,"column":10},"end":{"line":354,"column":38}},"173":{"start":{"line":357,"column":10},"end":{"line":357,"column":32}},"174":{"start":{"line":359,"column":10},"end":{"line":383,"column":11}},"175":{"start":{"line":362,"column":12},"end":{"line":362,"column":80}},"176":{"start":{"line":365,"column":12},"end":{"line":365,"column":89}},"177":{"start":{"line":367,"column":17},"end":{"line":383,"column":11}},"178":{"start":{"line":370,"column":12},"end":{"line":370,"column":91}},"179":{"start":{"line":373,"column":12},"end":{"line":377,"column":15}},"180":{"start":{"line":376,"column":14},"end":{"line":376,"column":69}},"181":{"start":{"line":380,"column":12},"end":{"line":382,"column":15}},"182":{"start":{"line":381,"column":14},"end":{"line":381,"column":96}},"183":{"start":{"line":385,"column":10},"end":{"line":385,"column":20}},"184":{"start":{"line":386,"column":10},"end":{"line":399,"column":11}},"185":{"start":{"line":387,"column":12},"end":{"line":398,"column":15}},"186":{"start":{"line":388,"column":14},"end":{"line":389,"column":32}},"187":{"start":{"line":391,"column":14},"end":{"line":396,"column":16}},"188":{"start":{"line":392,"column":16},"end":{"line":395,"column":23}},"189":{"start":{"line":402,"column":10},"end":{"line":404,"column":11}},"190":{"start":{"line":403,"column":12},"end":{"line":403,"column":34}},"191":{"start":{"line":407,"column":10},"end":{"line":407,"column":31}},"192":{"start":{"line":409,"column":10},"end":{"line":409,"column":45}},"193":{"start":{"line":418,"column":0},"end":{"line":423,"column":1}},"194":{"start":{"line":419,"column":2},"end":{"line":422,"column":5}},"195":{"start":{"line":425,"column":0},"end":{"line":448,"column":1}},"196":{"start":{"line":427,"column":2},"end":{"line":447,"column":3}},"197":{"start":{"line":428,"column":4},"end":{"line":428,"column":35}},"198":{"start":{"line":430,"column":4},"end":{"line":446,"column":5}},"199":{"start":{"line":431,"column":6},"end":{"line":431,"column":21}},"200":{"start":{"line":433,"column":6},"end":{"line":440,"column":9}},"201":{"start":{"line":434,"column":8},"end":{"line":439,"column":11}},"202":{"start":{"line":435,"column":10},"end":{"line":438,"column":17}},"203":{"start":{"line":442,"column":6},"end":{"line":442,"column":28}},"204":{"start":{"line":445,"column":6},"end":{"line":445,"column":78}},"205":{"start":{"line":450,"column":0},"end":{"line":484,"column":1}},"206":{"start":{"line":451,"column":2},"end":{"line":451,"column":12}},"207":{"start":{"line":452,"column":2},"end":{"line":478,"column":3}},"208":{"start":{"line":453,"column":4},"end":{"line":461,"column":7}},"209":{"start":{"line":454,"column":6},"end":{"line":460,"column":8}},"210":{"start":{"line":455,"column":8},"end":{"line":459,"column":15}},"211":{"start":{"line":463,"column":4},"end":{"line":463,"column":15}},"212":{"start":{"line":464,"column":4},"end":{"line":477,"column":7}},"213":{"start":{"line":465,"column":6},"end":{"line":466,"column":33}},"214":{"start":{"line":467,"column":6},"end":{"line":476,"column":9}},"215":{"start":{"line":468,"column":8},"end":{"line":469,"column":29}},"216":{"start":{"line":470,"column":8},"end":{"line":475,"column":11}},"217":{"start":{"line":471,"column":10},"end":{"line":474,"column":17}},"218":{"start":{"line":479,"column":2},"end":{"line":483,"column":3}},"219":{"start":{"line":480,"column":4},"end":{"line":480,"column":26}},"220":{"start":{"line":482,"column":4},"end":{"line":482,"column":76}},"221":{"start":{"line":486,"column":0},"end":{"line":513,"column":1}},"222":{"start":{"line":488,"column":2},"end":{"line":512,"column":5}},"223":{"start":{"line":491,"column":4},"end":{"line":511,"column":7}},"224":{"start":{"line":492,"column":6},"end":{"line":501,"column":7}},"225":{"start":{"line":493,"column":8},"end":{"line":499,"column":9}},"226":{"start":{"line":494,"column":10},"end":{"line":496,"column":14}},"227":{"start":{"line":498,"column":10},"end":{"line":498,"column":28}},"228":{"start":{"line":500,"column":8},"end":{"line":500,"column":15}},"229":{"start":{"line":502,"column":6},"end":{"line":507,"column":7}},"230":{"start":{"line":503,"column":8},"end":{"line":503,"column":54}},"231":{"start":{"line":505,"column":8},"end":{"line":505,"column":31}},"232":{"start":{"line":506,"column":8},"end":{"line":506,"column":24}},"233":{"start":{"line":515,"column":0},"end":{"line":655,"column":1}},"234":{"start":{"line":517,"column":2},"end":{"line":520,"column":3}},"235":{"start":{"line":518,"column":4},"end":{"line":518,"column":80}},"236":{"start":{"line":519,"column":4},"end":{"line":519,"column":11}},"237":{"start":{"line":522,"column":2},"end":{"line":654,"column":5}},"238":{"start":{"line":524,"column":4},"end":{"line":527,"column":5}},"239":{"start":{"line":525,"column":6},"end":{"line":525,"column":24}},"240":{"start":{"line":526,"column":6},"end":{"line":526,"column":13}},"241":{"start":{"line":529,"column":4},"end":{"line":532,"column":5}},"242":{"start":{"line":530,"column":6},"end":{"line":530,"column":52}},"243":{"start":{"line":531,"column":6},"end":{"line":531,"column":13}},"244":{"start":{"line":534,"column":4},"end":{"line":534,"column":50}},"245":{"start":{"line":535,"column":4},"end":{"line":535,"column":62}},"246":{"start":{"line":537,"column":4},"end":{"line":540,"column":5}},"247":{"start":{"line":538,"column":6},"end":{"line":538,"column":70}},"248":{"start":{"line":539,"column":6},"end":{"line":539,"column":13}},"249":{"start":{"line":543,"column":4},"end":{"line":543,"column":46}},"250":{"start":{"line":546,"column":4},"end":{"line":549,"column":5}},"251":{"start":{"line":547,"column":6},"end":{"line":547,"column":49}},"252":{"start":{"line":548,"column":6},"end":{"line":548,"column":13}},"253":{"start":{"line":551,"column":4},"end":{"line":551,"column":20}},"254":{"start":{"line":552,"column":4},"end":{"line":552,"column":44}},"255":{"start":{"line":553,"column":4},"end":{"line":553,"column":20}},"256":{"start":{"line":556,"column":4},"end":{"line":651,"column":7}},"257":{"start":{"line":560,"column":6},"end":{"line":568,"column":7}},"258":{"start":{"line":561,"column":8},"end":{"line":561,"column":63}},"259":{"start":{"line":563,"column":8},"end":{"line":565,"column":9}},"260":{"start":{"line":564,"column":10},"end":{"line":564,"column":98}},"261":{"start":{"line":567,"column":8},"end":{"line":567,"column":24}},"262":{"start":{"line":570,"column":6},"end":{"line":570,"column":47}},"263":{"start":{"line":571,"column":6},"end":{"line":571,"column":22}},"264":{"start":{"line":574,"column":6},"end":{"line":650,"column":9}},"265":{"start":{"line":579,"column":8},"end":{"line":582,"column":9}},"266":{"start":{"line":580,"column":10},"end":{"line":580,"column":65}},"267":{"start":{"line":581,"column":10},"end":{"line":581,"column":26}},"268":{"start":{"line":584,"column":8},"end":{"line":584,"column":24}},"269":{"start":{"line":585,"column":8},"end":{"line":585,"column":50}},"270":{"start":{"line":586,"column":8},"end":{"line":586,"column":24}},"271":{"start":{"line":588,"column":8},"end":{"line":588,"column":25}},"272":{"start":{"line":591,"column":8},"end":{"line":598,"column":9}},"273":{"start":{"line":592,"column":10},"end":{"line":592,"column":79}},"274":{"start":{"line":594,"column":10},"end":{"line":597,"column":11}},"275":{"start":{"line":595,"column":12},"end":{"line":595,"column":77}},"276":{"start":{"line":596,"column":12},"end":{"line":596,"column":19}},"277":{"start":{"line":601,"column":8},"end":{"line":626,"column":11}},"278":{"start":{"line":603,"column":10},"end":{"line":605,"column":11}},"279":{"start":{"line":604,"column":12},"end":{"line":604,"column":32}},"280":{"start":{"line":607,"column":10},"end":{"line":607,"column":81}},"281":{"start":{"line":608,"column":10},"end":{"line":608,"column":55}},"282":{"start":{"line":609,"column":10},"end":{"line":609,"column":72}},"283":{"start":{"line":612,"column":10},"end":{"line":615,"column":11}},"284":{"start":{"line":613,"column":12},"end":{"line":613,"column":54}},"285":{"start":{"line":614,"column":12},"end":{"line":614,"column":19}},"286":{"start":{"line":617,"column":10},"end":{"line":617,"column":56}},"287":{"start":{"line":620,"column":10},"end":{"line":620,"column":84}},"288":{"start":{"line":622,"column":10},"end":{"line":622,"column":36}},"289":{"start":{"line":625,"column":10},"end":{"line":625,"column":22}},"290":{"start":{"line":629,"column":8},"end":{"line":632,"column":9}},"291":{"start":{"line":630,"column":10},"end":{"line":630,"column":45}},"292":{"start":{"line":631,"column":10},"end":{"line":631,"column":17}},"293":{"start":{"line":634,"column":8},"end":{"line":634,"column":24}},"294":{"start":{"line":635,"column":8},"end":{"line":635,"column":48}},"295":{"start":{"line":636,"column":8},"end":{"line":636,"column":24}},"296":{"start":{"line":639,"column":8},"end":{"line":649,"column":11}},"297":{"start":{"line":644,"column":10},"end":{"line":647
[...]
":26},"end":{"line":110,"column":30}},{"start":{"line":110,"column":33},"end":{"line":110,"column":35}}]}},"code":["var fs = require(\"fs\"),","  path = require(\"path\"),","  xml2js = require('xml2js'),","  _ = require(\"underscore\"),","  logger = require(\"./logger\"),","  utils = require('./utils'),","  config = require(\"./config\");","","exports.addDependency = function(id, version, platforms) {","","  platforms.forEach(function(platform) {","    var prefix = utils.prefix(id, version, platform);","    var platform = platform.replace(\"ios\", \"iphone\");","","    var configured = _.find(config.current_modules, function(m) {","      return m.name === id && m.platform === platform;","    });","","    // add module","    if (!configured) {","      logger.info(prefix + ' adding to tiapp.xml');","","      var module = {","        \"_\": id,","        \"$\": {","          platform: platform","        }","      };","","      // only add version if asked for specific","      if (version) {","        module.$.version = version;","      }","","      // first module","      if (!config.tiapp.obj['ti:app'].modules[0].module) {","        config.tiapp.obj['ti:app'].modules = [{","          module: [module]","        }];","      }","","      // additional module","      else {","        config.tiapp.obj['ti:app'].modules[0].module.push(module);","      }","    }","","    // update version, only if asked for specific or a version is set","    else if (configured.version || (version && configured.version !== version)) {","      logger.info(prefix + ' updating in tiapp.xml');","","      // find entry in tiapp.xml","      config.tiapp.obj['ti:app'].modules[0].module.forEach(function(m) {","        if (m[\"_\"] === id && m[\"$\"].platform === platform) {","          m[\"$\"].version = version || configured.version;","        }","      });","    }","","    // nothing to do","    else {","      return;","    }","","    // write tiapp.xml","    writeTiapp(config.tiapp.obj['ti:app'].modules[0]);","  });","};","","exports.dropDependency = function(id, version, platform) {","  var write = false;","","  if (config.tiapp.obj['ti:app'].modules[0].module) {","","    config.tiapp.obj['ti:app'].modules[0].module = _.filter(config.tiapp.obj['ti:app'].modules[0].module, function(o) {","      var attribs = o.$ || {};","","      if (o._ !== id || (version && attribs.version !== version) || (platform && attribs.platform !== platform)) {","        return true;","      } else {","        logger.info(utils.prefix(id, attribs.version, attribs.platform) + ' removed from tiapp.xml');","        write = true;","        return false;","      }","    });","  }","","  if (write) {","    writeTiapp(config.tiapp.obj['ti:app'].modules[0]);","  }","","  return write;","};","","function writeTiapp(new_modules) {","  var tiapp_file = path.join(config.tiapp.path, 'tiapp.xml');","  var builder = new xml2js.Builder({","    explicitRoot: false","  });","  fs.writeFileSync(tiapp_file,","    fs.readFileSync(tiapp_file).toString()","    .replace(","      /<modules\\/>|<modules>[\\s\\S]*<\\/modules>/gm,","      builder.buildObject({","        modules: new_modules","      })","      .split(\"\\n\")","      .splice(1)","      .map(function(line, idx) {","        return (idx > 0 ? \"  \" : \"\") + line;","      }).join(\"\\n\")","    )","  );","}"],"l":{"1":1,"9":1,"11":0,"12":0,"13":0,"15":0,"16":0,"20":0,"21":0,"23":0,"31":0,"32":0,"36":0,"37":0,"44":0,"49":0,"50":0,"53":0,"54":0,"55":0,"62":0,"66":0,"70":1,"71":0,"73":0,"75":0,"76":0,"78":0,"79":0,"81":0,"82":0,"83":0,"88":0,"89":0,"92":0,"95":1,"96":0,"97":0,"100":0,"110":0}},"/home/travis/build/npmtest/node-npmtest-gittio/node_modules/gittio/bin/gittio.js":{"path":"/home/travis/build/npmtest/node-npmtest-gittio/node_modules/gittio/bin/gittio.js","s":{"1":1,"2":1,"3":1,"4":1,"5":1,"6":1,"7":1,"8":1,"9":1,"10":0,"11":0,"12":0,"13":0,"14":1,"15":1,"16":1,"17":1,"18":1,"19":1,"20":1,"21":1,"22":0,"23":0,"24":0,"25":1,"26":0,"27":1,"28":1,"29":1,"30":1,"31":1,"32":0,"33":0,"34":0,"35":0,"36":0,"37":0,"38":0,"39":0,"40":0,"41":0,"42":0,"43":0,"44":0,"45":0,"46":0,"47":1,"48":0,"49":0,"50":0,"51":0,"52":0,"53":0,"54":0,"55":0,"56":1,"57":0,"58":0,"59":0,"60":0,"61":0,"62":0,"63":0,"64":0,"65":0,"66":1,"67":0,"68":0,"69":0,"70":0,"71":0,"72":0,"73":0,"74":0,"75":0},"b":{"1":[0,0],"2":[1,0],"3":[1,0],"4":[0,0],"5":[0,0],"6":[0,0],"7":[0,0],"8":[0,0],"9":[0,0],"10":[0,0],"11":[0,0],"12":[0,0],"13":[0,0],"14":[0,0]},"f":{"1":0,"2":0,"3":0,"4":0,"5":0,"6":0,"7":0,"8":0,"9":0,"10":0,"11":0},"fnMap":{"1":{"name":"(anonymous_1)","line":52,"loc":{"start":{"line":52,"column":10},"end":{"line":52,"column":24}}},"2":{"name":"(anonymous_2)","line":63,"loc":{"start":{"line":63,"column":24},"end":{"line":63,"column":35}}},"3":{"name":"(anonymous_3)","line":101,"loc":{"start":{"line":101,"column":10},"end":{"line":101,"column":24}}},"4":{"name":"(anonymous_4)","line":117,"loc":{"start":{"line":117,"column":10},"end":{"line":117,"column":24}}},"5":{"name":"argsToParams","line":131,"loc":{"start":{"line":131,"column":0},"end":{"line":131,"column":41}}},"6":{"name":"install","line":163,"loc":{"start":{"line":163,"column":0},"end":{"line":163,"column":22}}},"7":{"name":"(anonymous_7)","line":174,"loc":{"start":{"line":174,"column":22},"end":{"line":174,"column":33}}},"8":{"name":"uninstall","line":185,"loc":{"start":{"line":185,"column":0},"end":{"line":185,"column":24}}},"9":{"name":"(anonymous_9)","line":195,"loc":{"start":{"line":195,"column":22},"end":{"line":195,"column":33}}},"10":{"name":"demo","line":207,"loc":{"start":{"line":207,"column":0},"end":{"line":207,"column":19}}},"11":{"name":"(anonymous_11)","line":216,"loc":{"start":{"line":216,"column":22},"end":{"line":216,"column":33}}}},"statementMap":{"1":{"start":{"line":3,"column":0},"end":{"line":12,"column":5}},"2":{"start":{"line":14,"column":0},"end":{"line":21,"column":76}},"3":{"start":{"line":23,"column":0},"end":{"line":27,"column":19}},"4":{"start":{"line":30,"column":0},"end":{"line":31,"column":45}},"5":{"start":{"line":34,"column":0},"end":{"line":35,"column":53}},"6":{"start":{"line":38,"column":0},"end":{"line":39,"column":77}},"7":{"start":{"line":42,"column":0},"end":{"line":44,"column":42}},"8":{"start":{"line":47,"column":0},"end":{"line":47,"column":44}},"9":{"start":{"line":49,"column":0},"end":{"line":66,"column":5}},"10":{"start":{"line":53,"column":4},"end":{"line":53,"column":22}},"11":{"start":{"line":55,"column":4},"end":{"line":62,"column":6}},"12":{"start":{"line":63,"column":4},"end":{"line":65,"column":7}},"13":{"start":{"line":64,"column":6},"end":{"line":64,"column":36}},"14":{"start":{"line":68,"column":0},"end":{"line":71,"column":21}},"15":{"start":{"line":74,"column":0},"end":{"line":75,"column":47}},"16":{"start":{"line":78,"column":0},"end":{"line":79,"column":71}},"17":{"start":{"line":82,"column":0},"end":{"line":84,"column":44}},"18":{"start":{"line":87,"column":0},"end":{"line":87,"column":44}},"19":{"start":{"line":89,"column":0},"end":{"line":92,"column":23}},"20":{"start":{"line":94,"column":0},"end":{"line":97,"column":16}},"21":{"start":{"line":99,"column":0},"end":{"line":113,"column":5}},"22":{"start":{"line":104,"column":4},"end":{"line":111,"column":5}},"23":{"start":{"line":106,"column":6},"end":{"line":106,"column":38}},"24":{"start":{"line":109,"column":6},"end":{"line":109,"column":21}},"25":{"start":{"line":115,"column":0},"end":{"line":121,"column":5}},"26":{"start":{"line":119,"column":4},"end":{"line":119,"column":61}},"27":{"start":{"line":123,"column":0},"end":{"line":123,"column":28}},"28":{"start":{"line":125,"column":0},"end":{"line":129,"column":1}},"29":{"start":{"line":126,"column":2},"end":{"line":126,"column":20}},"30":{"start":{"line":128,"column":2},"end":{"line":128,"column":17}},"31":{"start":{"line":131,"column":0},"end":{"line":161,"column":1}},"32":{"start":{"line":133,"column":2},"end":{"line":160,"column":3}},"33":{"start":{"line":134,"column":4},"end":{"line":134,"column":24}},"34":{"start":{"line":136,"column":4},"end":{"line":159,"column":5}},"35":{"start":{"line":137,"column":6},"end":{"line":137,"column":25}},"36":{"start":{"line":139,"column":11},"end":{"line":159,"column":5}},"37":{"start":{"line":140,"column":6},"end":{"line":140,"column":26}},"38":{"start":{"line":144,"column":6},"end":{"line":144,"column":34}},"39":{"start":{"line":145,"column":6},"end":{"line":145,"column":34}},"40":{"start":{"line":147,"column":6},"end":{"line":150,"column":7}},"41":{"start":{"line":148,"column":8},"end":{"line":148,"column":47}},"42":{"start":{"line":149,"column":8},"end":{"line":149,"column":36}},"43":{"start":{"line":152,"column":6},"end":{"line":158,"column":7}},"44":{"start":{"line":153,"column":8},"end":{"line":153,"column":40}},"45":{"start":{"line":154,"column":8},"end":{"line":154,"column":46}},"46":{"start":{"line":157,"column":8},"end":{"line":157,"column":26}},"47":{"start":{"line":163,"column":0},"end":{"line":183,"column":1}},"48":{"start":{"line":164,"column":2},"end":{"line":164,"column":20}},"49":{"start":{"line":166,"column":2},"end":{"line":166,"column":23}},"50":{"start":{"line":167,"column":2},"end":{"line":173,"column":4}},"51":{"start":{"line":174,"column":2},"end":{"line":182,"column":5}},"52":{"start":{"line":175,"column":4},"end":{"line":175,"column":37}},"53":{"start":{"line":177,"column":4},"end":{"line":179,"column":5}},"54":{"start":{"line":178,"column":6},"end":{"line":178,"column":26}},"55":{"start":{"line":181,"column":4},"end":{"line":181,"column":34}},"56":{"start":{"line":185,"column":0},"end":{"line":205,"column":1}},"57":{"start":{"line":186,"column":2},"end":{"line":186,"column":20}},"58":{"start":{"line":188,"column":2},"end":{"line":188,"column":23}},"59":{"start":{"line":189,"column":2},"end":{"line":194,"column":4}},"60":{"start":{"line":195,"column":2},"end":{"line":204,"column":5}},"61":{"start":{"line":196,"column":4},"end":{"line":196,"column":31}},"62":{"start":{"line":198,"column":4},"end":{"line":201,"column":5}},"63":{"start":{"line":199,"column":6},"end":{"line":199,"column":35}},"64":{"start":{"line":200,"column":6},"end":{"line":200,"column":13}},"65":{"start":{"line":203,"column":4},"end":{"line":203,"column":36}},"66":{"start":{"line":207,"column":0},"end":{"line":226,"column":1}},"67":{"start":{"line":208,"column":2},"end":{"line":208,"column":20}},"68":{"start":{"line":210,"column":2},"end":{"line":210,"column":23}},"69":{"start":{"line":211,"column":2},"end":{"line":215,"column":4}},"70":{"start":{"line":216,"column":2},"end":{"line":225,"column":5}},"71":{"start":{"line":217,"column":4},"end":{"line":217,"column":31}},"72":{"start":{"line":219,"column":4},"end":{"line":222,"column":5}},"73":{"start":{"line":220,"column":6},"end":{"line":220,"column":35}},"74":{"start":{"line":221,"column":6},"end":{"line":221,"column":13}},"75":{"start":{"line":224,"column":4},"end":{"line":224,"column":31}}},"branchMap":{"1":{"line":104,"type":"if","locations":[{"start":{"line":104,"column":4},"end":{"line":104,"column":4}},{"start":{"line":104,"column":4},"end":{"line":104,"column":4}}]},"2":{"line":125,"type":"if","locations":[{"start":{"line":125,"column":0},"end":{"line":125,"column":0}},{"start":{"line":125,"column":0},"end":{"line":125,"column":0}}]},"3":{"line":125,"type":"binary-expr","locations":[{"start":{"line":125,"column":4},"end":{"line":125,"column":29}},{"start":{"line":125,"column":33},"end":{"line":125,"column":90}}]},"4":{"line":133,"type":"if","locations":[{"start":{"line":133,"column":2},"end":{"line":133,"column":2}},{"start":{"line":133,"column":2},"end":{"line":133,"column":2}}]},"5":{"line":136,"type":"if","locations":[{"start":{"line":136,"column":4},"end":{"line":136,"column":4}},{"start":{"line":136,"column":4},"end":{"line":136,"column":4}}]},"6":{"line":136,"type":"binary-expr","locations":[{"start":{"line":136,"column":8},"end":{"line":136,"column":11}},{"start":{"line":136,"column":15},"end":{"line":136,"column":39}}]},"7":{"line":139,"type":"if","locations":[{"start":{"line":139,"column":11},"end":{"line":139,"column":11}},{"start":{"line":139,"column":11},"end":{"line":139,"column":11}}]},"8":{"line":139,"type":"binary-expr","locations":[{"start":{"line":139,"column":15},"end":{"line":139,"column":18}},{"start":{"line":139,"column":22},"end":{"line":139,"column":42}}]},"9":{"line":147,"type":"if","locations":[{"start":{"line":147,"column":6},"end":{"line":147,"column":6}},{"start":{"line":147,"column":6},"end":{"line":147,"column":6}}]},"10":{"line":152,"type":"if","locations":[{"start":{"line":152,"column":6},"end":{"line":152,"column":6}},{"start":{"line":152,"column":6},"end":{"line":152,"column":6}}]},"11":{"line":177,"type":"if","locations":[{"start":{"line":177,"column":4},"end":{"line":177,"column":4}},{"start":{"line":177,"column":4},"end":{"line":177,"column":4}}]},"12":{"line":177,"type":"binary-expr","locations":[{"start":{"line":177,"column":8},"end":{"line":177,"column":17}},{"start":{"line":177,"column":21},"end":{"line":177,"column":35}}]},"13":{"line":198,"type":"if","locations":[{"start":{"line":198,"column":4},"end":{"line":198,"column":4}},{"start":{"line":198,"column":4},"end":{"line":198,"column":4}}]},"14":{"line":219,"type":"if","locations":[{"start":{"line":219,"column":4},"end":{"line":219,"column":4}},{"start":{"line":219,"column":4},"end":{"line":219,"column":4}}]}},"code":["//#!/usr/bin/env node","","var gittio = require('../lib/gittio'),","  config = require('../lib/config'),","  logger = require('../lib/logger'),","  program = require('commander'),","  fs = require('fs'),","  pkg = require('../package.json'),","  updateNotifier = require('update-notifier'),","  notifier = updateNotifier({","    pkg: pkg","  });","","program","  .version(pkg.version, '-v, --version')","  .description(pkg.about.name)","  .usage('command <args> [options]')","  .option('-g, --global', 'use global path for modules')","  .option('-f, --force', 'install components even if already found')","  .option('-b, --alloy-base <directory>', 'select a different alloy base directory instead of app, e.g. src')","  .option('-p, --platform <platform>', 'apply to a specific platform only');","","var install_cmd = program.command('install')","  .usage('<id>@<version-range>:<platform>')","  .description('install all missing modules and widgets')","  .option('-t, --type <type>', 'widget or module (default: both)')","  .action(install);","","// ony here for help","program.command('install <id>')","  .description('install the latest version');","","// ony here for help","program.command('install <id>@<version-range>')","  .description('install a specific version (range)');","","// ony here for help","program.command('install <id>@<version-range>:<platform>')","  .description('install a specific version (range) for a specific platform');","","// create alias command","var install_alias = program.command('i')","  .action(install)","  .description(\"shorthand for `install`\");","","// clone the options","install_alias.options = install_cmd.options;","","program.command('update')","  .description('update all modules and widgets')","  .option('-t, --type <type>', 'widget or module (default: both)')","  .action(function(env) {","    notifier.notify();","","    var params = {","      force: this.force,","      global: this.global,","      platform: this.platform,","      type: env.type,","      update: true,","      alloyBase: this.alloyBase","    };","    config.init(params, function() {","      return gittio.install(params);","    });","  });","","var uninstall_cmd = program.command('uninstall <id>')","  .usage('<id>@<version>:<platform>')","  .description('uninstall a module or widget')","  .action(uninstall);","","// ony here for help","program.command('uninstall <id>@<version>')","  .description('uninstall a specific version');","","// ony here for help","program.command('uninstall <id>@<version>:<platform>')","  .description('uninstall a specific version for a specific platform');","","// create alias command","var uninstall_alias = program.command('u')","  .action(uninstall)","  .description(\"shorthand for `uninstall`\");","","// clone the options","install_alias.options = install_cmd.options;","","program.command('info <id>')","  .description('display info about a component')","  .option('-o, --output <output>', 'pretty or json (default: pretty)')","  .action(gittio.info);","","program.command('demo <id>')","  .description('create a demo project using the module example app.js')","  .option('-p, --platform <platform>', 'define which platform(s) you\\'d like to demo (comma separated')","  .action(demo);","","program.command('config')","  .description('list all global configuration settings')","  .action(function(env) {","","    // only run if there are no arguments","    if (this.args.length === 1) {","","      require('../lib/config').list();","","      // or commander will also run the other config command","      process.exit();","","    }","","  });","","program.command('config <key> <value>')","  .description('set a global configuration setting')","  .action(function(env) {","","    require('../lib/config').set(this.args[0], this.args[1]);","","  });","","program.parse(process.argv);","","if (program.args.length === 0 || typeof program.args[program.args.length - 1] === 'string') {","  notifier.notify();","","  program.help();","}","","function argsToParams(args, params, url) {","","  if (typeof args[0] === 'string') {","    var input = args[0];","","    if (url && input.indexOf('://') > 0) {","      params.url = input;","","    } else if (url && fs.existsSync(input)) {","      params.file = input;","","    } else {","","      var at = input.indexOf('@');","      var sc = input.indexOf(':');","","      if (sc > 0) {","        params.platform = input.substr(sc + 1);","        input = input.substr(0, sc);","      }","","      if (at > 0) {","        params.id = input.substr(0, at);","        params.version = input.substr(at + 1);","","      } else {","        params.id = input;","      }","    }","  }","}","","function install(env) {","  notifier.notify();","","  var args = this.args;","  var params = {","    force: this.force,","    global: this.global,","    platform: this.platform,","    type: env.type,","    alloyBase: this.alloyBase","  };","  config.init(params, function() {","    argsToParams(args, params, true);","","    if (params.id && params.version) {","      params.force = true;","    }","","    return gittio.install(params);","  });","}","","function uninstall(env) {","  notifier.notify();","","  var args = this.args;","  var params = {","    force: this.force,","    global: this.global,","    platform: this.platform,","    alloyBase: this.alloyBase","  };","  config.init(params, function() {","    argsToParams(args, params);","","    if (!params.id) {","      logger.error('missing <id>');","      return;","    }","","    return gittio.uninstall(params);","  });","}","","function demo(env) {","  notifier.notify();","","  var args = this.args;","  var params = {","    platform: this.platform,","    global: true,","    alloyBase: this.alloyBase","  };","  config.init(params, function() {","    argsToParams(args, params);","","    if (!params.id) {","      logger.error('missing <id>');","      return;","    }","","    return gittio.demo(params);","  });","}"],"l":{"3":1,"14":1,"23":1,"30":1,"34":1,"38":1,"42":1,"47":1,"49":1,"53":0,"55":0,"63":0,"64":0,"68":1,"74":1,"78":1,"82":1,"87":1,"89":1,"94":1,"99":1,"104":0,"106":0,"109":0,"115":1,"119":0,"123":1,"125":1,"126":1,"128":1,"131":1,"133":0,"134":0,"136":0,"137":0,"139":0,"140":0,"144":0,"145":0,"147":0,"148":0,"149":0,"152":0,"153":0,"154":0,"157":0,"163":1,"164":0,"166":0,"167":0,"174":0,"175":0,"177":0,"178":0,"181":0,"185":1,"186":0,"188":0,"189":0,"195":0,"196":0,"198":0,"199":0,"200":0,"203":0,"207":1,"208":0,"210":0,"211":0,"216":0,"217":0,"219":0,"220":0,"221":0,"224":0}}}